2025-04-15 23:04:50 INFO log.py:21: Yasb v1.6.9
2025-04-15 23:04:50 INFO config.py:61: Created default config file at C:\Users\AlfredLaptop\.config\yasb\config.yaml
2025-04-15 23:04:50 INFO config.py:75: Created default stylesheet at C:\Users\AlfredLaptop\.config\yasb\styles.css
2025-04-15 23:04:51 DEBUG win32.py:55: Looking up time zone info from registry
2025-04-15 23:04:53 INFO weather.py:369: Fetched new weather data at 2025-04-15 23:04:53.617685
2025-04-15 23:04:53 DEBUG __init__.py:149: CoInitializeEx(None, 2)
2025-04-15 23:04:54 INFO watcher.py:39: Created file watcher for path C:\Users\AlfredLaptop\.config\yasb
2025-04-15 23:04:54 INFO event_listener.py:53: Created named pipe yasb-47af29a4-1a3d-11f0-b191-e00af6968532
2025-04-15 23:04:54 DEBUG _windows.py:213: Starting (proactor: <_IocpProactor overlapped#=0 result#=0>)...
2025-04-15 23:04:54 DEBUG _windows.py:192: Thread started
2025-04-15 23:08:52 INFO controller.py:12: Reloading Application because of config update...
2025-04-15 23:08:52 DEBUG _windows.py:218: Stopping worker thread...
2025-04-15 23:08:52 DEBUG _windows.py:201: Exiting thread
2025-04-15 23:08:52 DEBUG _windows.py:75: Closing
2025-04-15 23:08:53 INFO log.py:21: Yasb v1.6.9
2025-04-15 23:08:53 DEBUG win32.py:55: Looking up time zone info from registry
2025-04-15 23:08:53 INFO weather.py:369: Fetched new weather data at 2025-04-15 23:08:53.625026
2025-04-15 23:08:53 DEBUG __init__.py:149: CoInitializeEx(None, 2)
2025-04-15 23:08:54 INFO watcher.py:39: Created file watcher for path C:\Users\AlfredLaptop\.config\yasb
2025-04-15 23:08:54 INFO event_listener.py:53: Created named pipe yasb-d673b76a-1a3d-11f0-83cf-e00af6968532
2025-04-15 23:08:54 DEBUG _windows.py:213: Starting (proactor: <_IocpProactor overlapped#=0 result#=0>)...
2025-04-15 23:08:54 DEBUG _windows.py:192: Thread started
2025-04-15 23:09:03 INFO controller.py:12: Reloading Application because of config update...
2025-04-15 23:09:03 DEBUG _windows.py:218: Stopping worker thread...
2025-04-15 23:09:03 DEBUG _windows.py:201: Exiting thread
2025-04-15 23:09:03 DEBUG _windows.py:75: Closing
2025-04-15 23:09:03 INFO log.py:21: Yasb v1.6.9
2025-04-15 23:09:03 DEBUG win32.py:55: Looking up time zone info from registry
2025-04-15 23:09:03 INFO weather.py:369: Fetched new weather data at 2025-04-15 23:09:03.824983
2025-04-15 23:09:03 DEBUG __init__.py:149: CoInitializeEx(None, 2)
2025-04-15 23:09:04 INFO watcher.py:39: Created file watcher for path C:\Users\AlfredLaptop\.config\yasb
2025-04-15 23:09:04 INFO event_listener.py:53: Created named pipe yasb-dc88c491-1a3d-11f0-a235-e00af6968532
2025-04-15 23:09:04 DEBUG _windows.py:213: Starting (proactor: <_IocpProactor overlapped#=0 result#=0>)...
2025-04-15 23:09:04 DEBUG _windows.py:192: Thread started
2025-04-15 23:17:06 ERROR config.py:109: The config file 'C:\Users\AlfredLaptop\.config\yasb\config.yaml' contains validation errors. Please fix:
widgets:
- glazewm_workspaces:
  - null value not allowed

2025-04-15 23:17:06 ERROR config.py:109: The config file 'C:\Users\AlfredLaptop\.config\yasb\config.yaml' contains validation errors. Please fix:
widgets:
- glazewm_workspaces:
  - null value not allowed

2025-04-15 23:17:06 ERROR config.py:109: The config file 'C:\Users\AlfredLaptop\.config\yasb\config.yaml' contains validation errors. Please fix:
widgets:
- glazewm_workspaces:
  - null value not allowed

2025-04-15 23:18:19 ERROR config.py:109: The config file 'C:\Users\AlfredLaptop\.config\yasb\config.yaml' contains validation errors. Please fix:
widgets:
- glazewm_workspaces:
  - null value not allowed

2025-04-15 23:18:19 ERROR config.py:109: The config file 'C:\Users\AlfredLaptop\.config\yasb\config.yaml' contains validation errors. Please fix:
widgets:
- glazewm_workspaces:
  - null value not allowed

2025-04-15 23:18:19 ERROR config.py:109: The config file 'C:\Users\AlfredLaptop\.config\yasb\config.yaml' contains validation errors. Please fix:
widgets:
- glazewm_workspaces:
  - null value not allowed

2025-04-15 23:19:03 INFO weather.py:369: Fetched new weather data at 2025-04-15 23:19:03.816241
2025-04-15 23:19:27 ERROR config.py:109: The config file 'C:\Users\AlfredLaptop\.config\yasb\config.yaml' contains validation errors. Please fix:
widgets:
- glazewm_workspaces:
  - null value not allowed

2025-04-15 23:19:27 ERROR config.py:109: The config file 'C:\Users\AlfredLaptop\.config\yasb\config.yaml' contains validation errors. Please fix:
widgets:
- glazewm_workspaces:
  - null value not allowed

2025-04-15 23:19:27 ERROR config.py:109: The config file 'C:\Users\AlfredLaptop\.config\yasb\config.yaml' contains validation errors. Please fix:
widgets:
- glazewm_workspaces:
  - null value not allowed

2025-04-15 23:20:00 ERROR config.py:109: The config file 'C:\Users\AlfredLaptop\.config\yasb\config.yaml' contains validation errors. Please fix:
widgets:
- glazewm_workspaces:
  - null value not allowed

2025-04-15 23:20:00 ERROR config.py:109: The config file 'C:\Users\AlfredLaptop\.config\yasb\config.yaml' contains validation errors. Please fix:
widgets:
- glazewm_workspaces:
  - null value not allowed

2025-04-15 23:20:00 ERROR config.py:109: The config file 'C:\Users\AlfredLaptop\.config\yasb\config.yaml' contains validation errors. Please fix:
widgets:
- glazewm_workspaces:
  - null value not allowed

2025-04-15 23:24:01 ERROR config.py:109: The config file 'C:\Users\AlfredLaptop\.config\yasb\config.yaml' contains validation errors. Please fix:
widgets:
- glazewm_workspaces:
  - null value not allowed

2025-04-15 23:24:01 ERROR config.py:109: The config file 'C:\Users\AlfredLaptop\.config\yasb\config.yaml' contains validation errors. Please fix:
widgets:
- glazewm_workspaces:
  - null value not allowed

2025-04-15 23:24:01 ERROR config.py:109: The config file 'C:\Users\AlfredLaptop\.config\yasb\config.yaml' contains validation errors. Please fix:
widgets:
- glazewm_workspaces:
  - null value not allowed

2025-04-15 23:26:53 ERROR config.py:109: The config file 'C:\Users\AlfredLaptop\.config\yasb\config.yaml' contains validation errors. Please fix:
widgets:
- glazewm_workspaces:
  - null value not allowed

2025-04-15 23:26:53 ERROR config.py:109: The config file 'C:\Users\AlfredLaptop\.config\yasb\config.yaml' contains validation errors. Please fix:
widgets:
- glazewm_workspaces:
  - null value not allowed

2025-04-15 23:27:58 INFO controller.py:12: Reloading Application because of config update...
2025-04-15 23:27:58 DEBUG _windows.py:218: Stopping worker thread...
2025-04-15 23:27:58 DEBUG _windows.py:201: Exiting thread
2025-04-15 23:27:58 DEBUG _windows.py:75: Closing
2025-04-15 23:27:58 INFO log.py:21: Yasb v1.6.9
2025-04-15 23:27:59 DEBUG win32.py:55: Looking up time zone info from registry
2025-04-15 23:27:59 INFO weather.py:369: Fetched new weather data at 2025-04-15 23:27:59.352810
2025-04-15 23:27:59 DEBUG __init__.py:149: CoInitializeEx(None, 2)
2025-04-15 23:27:59 INFO watcher.py:39: Created file watcher for path C:\Users\AlfredLaptop\.config\yasb
2025-04-15 23:27:59 DEBUG _windows.py:213: Starting (proactor: <_IocpProactor overlapped#=0 result#=0>)...
2025-04-15 23:27:59 DEBUG _windows.py:192: Thread started
2025-04-15 23:28:00 WARNING weather.py:415: Could not load icon http://cdn.weatherapi.com/weather/64x64/day/116.png: <urlopen error timed out>
2025-04-15 23:30:08 INFO controller.py:12: Reloading Application because of config update...
2025-04-15 23:30:08 DEBUG _windows.py:218: Stopping worker thread...
2025-04-15 23:30:08 DEBUG _windows.py:201: Exiting thread
2025-04-15 23:30:08 DEBUG _windows.py:75: Closing
2025-04-15 23:30:09 INFO log.py:21: Yasb v1.6.9
2025-04-15 23:30:09 INFO weather.py:369: Fetched new weather data at 2025-04-15 23:30:09.521045
2025-04-15 23:30:09 DEBUG __init__.py:149: CoInitializeEx(None, 2)
2025-04-15 23:30:09 DEBUG win32.py:55: Looking up time zone info from registry
2025-04-15 23:30:10 INFO watcher.py:39: Created file watcher for path C:\Users\AlfredLaptop\.config\yasb
2025-04-15 23:30:10 DEBUG _windows.py:213: Starting (proactor: <_IocpProactor overlapped#=0 result#=0>)...
2025-04-15 23:30:10 DEBUG _windows.py:192: Thread started
2025-04-15 23:30:42 INFO controller.py:12: Reloading Application because of config update...
2025-04-15 23:30:42 DEBUG _windows.py:218: Stopping worker thread...
2025-04-15 23:30:42 DEBUG _windows.py:201: Exiting thread
2025-04-15 23:30:42 DEBUG _windows.py:75: Closing
2025-04-15 23:30:42 INFO log.py:21: Yasb v1.6.9
2025-04-15 23:30:42 INFO weather.py:369: Fetched new weather data at 2025-04-15 23:30:42.908899
2025-04-15 23:30:42 DEBUG __init__.py:149: CoInitializeEx(None, 2)
2025-04-15 23:30:42 DEBUG win32.py:55: Looking up time zone info from registry
2025-04-15 23:30:43 INFO watcher.py:39: Created file watcher for path C:\Users\AlfredLaptop\.config\yasb
2025-04-15 23:30:43 DEBUG _windows.py:213: Starting (proactor: <_IocpProactor overlapped#=0 result#=0>)...
2025-04-15 23:30:43 DEBUG _windows.py:192: Thread started
2025-04-15 23:30:53 INFO controller.py:12: Reloading Application because of config update...
2025-04-15 23:30:53 DEBUG _windows.py:218: Stopping worker thread...
2025-04-15 23:30:53 DEBUG _windows.py:201: Exiting thread
2025-04-15 23:30:53 DEBUG _windows.py:75: Closing
2025-04-15 23:30:54 INFO log.py:21: Yasb v1.6.9
2025-04-15 23:30:54 INFO weather.py:369: Fetched new weather data at 2025-04-15 23:30:54.527478
2025-04-15 23:30:54 DEBUG __init__.py:149: CoInitializeEx(None, 2)
2025-04-15 23:30:54 DEBUG win32.py:55: Looking up time zone info from registry
2025-04-15 23:30:55 INFO watcher.py:39: Created file watcher for path C:\Users\AlfredLaptop\.config\yasb
2025-04-15 23:30:55 DEBUG _windows.py:213: Starting (proactor: <_IocpProactor overlapped#=0 result#=0>)...
2025-04-15 23:30:55 DEBUG _windows.py:192: Thread started
2025-04-15 23:31:47 INFO controller.py:12: Reloading Application because of config update...
2025-04-15 23:31:47 DEBUG _windows.py:218: Stopping worker thread...
2025-04-15 23:31:47 DEBUG _windows.py:201: Exiting thread
2025-04-15 23:31:47 DEBUG _windows.py:75: Closing
2025-04-15 23:31:48 INFO log.py:21: Yasb v1.6.9
2025-04-15 23:31:48 INFO weather.py:369: Fetched new weather data at 2025-04-15 23:31:48.286415
2025-04-15 23:31:48 DEBUG __init__.py:149: CoInitializeEx(None, 2)
2025-04-15 23:31:48 DEBUG win32.py:55: Looking up time zone info from registry
2025-04-15 23:31:48 INFO watcher.py:39: Created file watcher for path C:\Users\AlfredLaptop\.config\yasb
2025-04-15 23:31:48 DEBUG _windows.py:213: Starting (proactor: <_IocpProactor overlapped#=0 result#=0>)...
2025-04-15 23:31:48 DEBUG _windows.py:192: Thread started
2025-04-15 23:34:44 INFO controller.py:12: Reloading Application because of config update...
2025-04-15 23:34:44 DEBUG _windows.py:218: Stopping worker thread...
2025-04-15 23:34:44 DEBUG _windows.py:201: Exiting thread
2025-04-15 23:34:44 DEBUG _windows.py:75: Closing
2025-04-15 23:34:44 INFO log.py:21: Yasb v1.6.9
2025-04-15 23:34:44 INFO weather.py:369: Fetched new weather data at 2025-04-15 23:34:44.958340
2025-04-15 23:34:44 DEBUG __init__.py:149: CoInitializeEx(None, 2)
2025-04-15 23:34:45 DEBUG win32.py:55: Looking up time zone info from registry
2025-04-15 23:34:45 INFO watcher.py:39: Created file watcher for path C:\Users\AlfredLaptop\.config\yasb
2025-04-15 23:34:45 DEBUG _windows.py:213: Starting (proactor: <_IocpProactor overlapped#=0 result#=0>)...
2025-04-15 23:34:45 DEBUG _windows.py:192: Thread started
2025-04-15 23:44:44 INFO weather.py:369: Fetched new weather data at 2025-04-15 23:44:44.970222
2025-04-15 23:51:41 INFO controller.py:27: Exiting Application from tray...
2025-04-15 23:51:41 DEBUG _windows.py:218: Stopping worker thread...
2025-04-15 23:51:41 DEBUG _windows.py:201: Exiting thread
2025-04-15 23:51:41 DEBUG _windows.py:75: Closing
2025-04-15 23:51:46 INFO log.py:21: Yasb v1.6.9
2025-04-15 23:51:47 INFO weather.py:369: Fetched new weather data at 2025-04-15 23:51:47.279173
2025-04-15 23:51:47 DEBUG __init__.py:149: CoInitializeEx(None, 2)
2025-04-15 23:51:47 DEBUG win32.py:55: Looking up time zone info from registry
2025-04-15 23:51:47 INFO watcher.py:39: Created file watcher for path C:\Users\AlfredLaptop\.config\yasb
2025-04-15 23:51:47 DEBUG _windows.py:213: Starting (proactor: <_IocpProactor overlapped#=0 result#=0>)...
2025-04-15 23:51:47 DEBUG _windows.py:192: Thread started
2025-04-15 23:52:51 INFO controller.py:12: Reloading Application because of config update...
2025-04-15 23:52:51 DEBUG _windows.py:218: Stopping worker thread...
2025-04-15 23:52:51 DEBUG _windows.py:201: Exiting thread
2025-04-15 23:52:51 DEBUG _windows.py:75: Closing
2025-04-15 23:52:51 INFO log.py:21: Yasb v1.6.9
2025-04-15 23:52:51 INFO weather.py:369: Fetched new weather data at 2025-04-15 23:52:51.787715
2025-04-15 23:52:51 DEBUG __init__.py:149: CoInitializeEx(None, 2)
2025-04-15 23:52:51 DEBUG win32.py:55: Looking up time zone info from registry
2025-04-15 23:52:52 INFO watcher.py:39: Created file watcher for path C:\Users\AlfredLaptop\.config\yasb
2025-04-15 23:52:52 DEBUG _windows.py:213: Starting (proactor: <_IocpProactor overlapped#=0 result#=0>)...
2025-04-15 23:52:52 DEBUG _windows.py:192: Thread started
2025-04-16 00:01:17 DEBUG _windows.py:218: Stopping worker thread...
2025-04-16 00:01:17 DEBUG _windows.py:201: Exiting thread
2025-04-16 00:01:17 DEBUG _windows.py:75: Closing
2025-04-16 00:01:17 ERROR event_service.py:30: Failed to emit signal <bound PYQT_SIGNAL window_name_change of ActiveWindowWidget object at 0x0000023641C4E3F0>. Removing link to WinEvent.EventObjectNameChange.
2025-04-16 13:07:31 INFO log.py:21: Yasb v1.6.9
2025-04-16 13:07:34 INFO weather.py:369: Fetched new weather data at 2025-04-16 13:07:34.141405
2025-04-16 13:07:34 DEBUG __init__.py:149: CoInitializeEx(None, 2)
2025-04-16 13:07:34 DEBUG win32.py:55: Looking up time zone info from registry
2025-04-16 13:07:38 INFO watcher.py:39: Created file watcher for path C:\Users\AlfredLaptop\.config\yasb
2025-04-16 13:07:38 DEBUG _windows.py:213: Starting (proactor: <_IocpProactor overlapped#=0 result#=0>)...
2025-04-16 13:07:38 DEBUG _windows.py:192: Thread started
2025-04-16 13:09:40 INFO log.py:21: Yasb v1.6.9
2025-04-16 13:09:40 ERROR main.py:34: Another instance of the YASB is already running.
2025-04-16 13:17:18 INFO controller.py:12: Reloading Application because of config update...
2025-04-16 13:17:18 DEBUG _windows.py:218: Stopping worker thread...
2025-04-16 13:17:18 DEBUG _windows.py:201: Exiting thread
2025-04-16 13:17:18 DEBUG _windows.py:75: Closing
2025-04-16 13:17:22 INFO log.py:21: Yasb v1.6.9
2025-04-16 13:17:24 INFO weather.py:369: Fetched new weather data at 2025-04-16 13:17:24.152385
2025-04-16 13:17:24 DEBUG __init__.py:149: CoInitializeEx(None, 2)
2025-04-16 13:17:24 DEBUG win32.py:55: Looking up time zone info from registry
2025-04-16 13:17:28 INFO watcher.py:39: Created file watcher for path C:\Users\AlfredLaptop\.config\yasb
2025-04-16 13:17:28 DEBUG _windows.py:213: Starting (proactor: <_IocpProactor overlapped#=0 result#=0>)...
2025-04-16 13:17:28 DEBUG _windows.py:192: Thread started
2025-04-16 13:17:29 INFO controller.py:12: Reloading Application because of config update...
2025-04-16 13:17:30 DEBUG _windows.py:218: Stopping worker thread...
2025-04-16 13:17:30 DEBUG _windows.py:201: Exiting thread
2025-04-16 13:17:30 DEBUG _windows.py:75: Closing
2025-04-16 13:17:30 INFO log.py:21: Yasb v1.6.9
2025-04-16 13:17:30 INFO weather.py:369: Fetched new weather data at 2025-04-16 13:17:30.879599
2025-04-16 13:17:30 DEBUG __init__.py:149: CoInitializeEx(None, 2)
2025-04-16 13:17:31 DEBUG win32.py:55: Looking up time zone info from registry
2025-04-16 13:17:31 INFO watcher.py:39: Created file watcher for path C:\Users\AlfredLaptop\.config\yasb
2025-04-16 13:17:31 DEBUG _windows.py:213: Starting (proactor: <_IocpProactor overlapped#=0 result#=0>)...
2025-04-16 13:17:31 DEBUG _windows.py:192: Thread started
2025-04-16 13:17:45 INFO controller.py:12: Reloading Application because of config update...
2025-04-16 13:17:45 DEBUG _windows.py:218: Stopping worker thread...
2025-04-16 13:17:45 DEBUG _windows.py:201: Exiting thread
2025-04-16 13:17:45 DEBUG _windows.py:75: Closing
2025-04-16 13:17:46 INFO log.py:21: Yasb v1.6.9
2025-04-16 13:17:46 INFO weather.py:369: Fetched new weather data at 2025-04-16 13:17:46.762749
2025-04-16 13:17:46 DEBUG __init__.py:149: CoInitializeEx(None, 2)
2025-04-16 13:17:46 DEBUG win32.py:55: Looking up time zone info from registry
2025-04-16 13:17:47 INFO watcher.py:39: Created file watcher for path C:\Users\AlfredLaptop\.config\yasb
2025-04-16 13:17:47 DEBUG _windows.py:213: Starting (proactor: <_IocpProactor overlapped#=0 result#=0>)...
2025-04-16 13:17:47 DEBUG _windows.py:192: Thread started
2025-04-16 14:09:00 INFO weather.py:369: Fetched new weather data at 2025-04-16 14:09:00.936158
2025-04-16 14:09:50 INFO controller.py:12: Reloading Application because of config update...
2025-04-16 14:09:50 DEBUG _windows.py:218: Stopping worker thread...
2025-04-16 14:09:50 DEBUG _windows.py:201: Exiting thread
2025-04-16 14:09:50 DEBUG _windows.py:75: Closing
2025-04-16 14:09:50 INFO log.py:21: Yasb v1.6.9
2025-04-16 14:09:51 INFO weather.py:369: Fetched new weather data at 2025-04-16 14:09:51.219239
2025-04-16 14:09:51 DEBUG __init__.py:149: CoInitializeEx(None, 2)
2025-04-16 14:09:51 DEBUG win32.py:55: Looking up time zone info from registry
2025-04-16 14:09:52 INFO watcher.py:39: Created file watcher for path C:\Users\AlfredLaptop\.config\yasb
2025-04-16 14:09:52 DEBUG _windows.py:213: Starting (proactor: <_IocpProactor overlapped#=0 result#=0>)...
2025-04-16 14:09:52 DEBUG _windows.py:192: Thread started
2025-04-16 14:12:12 INFO controller.py:12: Reloading Application because of config update...
2025-04-16 14:12:13 DEBUG _windows.py:218: Stopping worker thread...
2025-04-16 14:12:13 DEBUG _windows.py:201: Exiting thread
2025-04-16 14:12:13 DEBUG _windows.py:75: Closing
2025-04-16 14:12:13 INFO log.py:21: Yasb v1.6.9
2025-04-16 14:12:14 INFO weather.py:369: Fetched new weather data at 2025-04-16 14:12:14.018493
2025-04-16 14:12:14 DEBUG __init__.py:149: CoInitializeEx(None, 2)
2025-04-16 14:12:14 DEBUG win32.py:55: Looking up time zone info from registry
2025-04-16 14:12:15 INFO watcher.py:39: Created file watcher for path C:\Users\AlfredLaptop\.config\yasb
2025-04-16 14:12:15 DEBUG _windows.py:213: Starting (proactor: <_IocpProactor overlapped#=0 result#=0>)...
2025-04-16 14:12:15 DEBUG _windows.py:192: Thread started
2025-04-16 14:22:14 INFO weather.py:369: Fetched new weather data at 2025-04-16 14:22:14.018277
2025-04-16 14:32:14 INFO weather.py:369: Fetched new weather data at 2025-04-16 14:32:14.025684
2025-04-16 14:42:14 INFO weather.py:369: Fetched new weather data at 2025-04-16 14:42:14.023484
2025-04-16 14:52:14 INFO weather.py:369: Fetched new weather data at 2025-04-16 14:52:14.023626
2025-04-16 15:02:14 INFO weather.py:369: Fetched new weather data at 2025-04-16 15:02:14.022331
2025-04-16 15:12:14 INFO weather.py:369: Fetched new weather data at 2025-04-16 15:12:14.026035
2025-04-16 15:15:30 INFO controller.py:12: Reloading Application because of config update...
2025-04-16 15:15:30 DEBUG _windows.py:218: Stopping worker thread...
2025-04-16 15:15:30 DEBUG _windows.py:201: Exiting thread
2025-04-16 15:15:30 DEBUG _windows.py:75: Closing
2025-04-16 15:15:30 INFO log.py:21: Yasb v1.6.9
2025-04-16 15:15:31 INFO weather.py:369: Fetched new weather data at 2025-04-16 15:15:31.486065
2025-04-16 15:15:31 DEBUG __init__.py:149: CoInitializeEx(None, 2)
2025-04-16 15:15:31 DEBUG win32.py:55: Looking up time zone info from registry
2025-04-16 15:15:32 INFO watcher.py:39: Created file watcher for path C:\Users\AlfredLaptop\.config\yasb
2025-04-16 15:15:32 DEBUG _windows.py:213: Starting (proactor: <_IocpProactor overlapped#=0 result#=0>)...
2025-04-16 15:15:32 DEBUG _windows.py:192: Thread started
2025-04-16 15:19:27 INFO controller.py:12: Reloading Application because of config update...
2025-04-16 15:19:27 DEBUG _windows.py:218: Stopping worker thread...
2025-04-16 15:19:27 DEBUG _windows.py:201: Exiting thread
2025-04-16 15:19:27 DEBUG _windows.py:75: Closing
2025-04-16 15:19:28 INFO log.py:21: Yasb v1.6.9
2025-04-16 15:19:28 INFO weather.py:369: Fetched new weather data at 2025-04-16 15:19:28.818872
2025-04-16 15:19:28 DEBUG __init__.py:149: CoInitializeEx(None, 2)
2025-04-16 15:19:28 DEBUG win32.py:55: Looking up time zone info from registry
2025-04-16 15:19:30 INFO watcher.py:39: Created file watcher for path C:\Users\AlfredLaptop\.config\yasb
2025-04-16 15:19:30 DEBUG _windows.py:213: Starting (proactor: <_IocpProactor overlapped#=0 result#=0>)...
2025-04-16 15:19:30 DEBUG _windows.py:192: Thread started
2025-04-16 15:20:18 INFO controller.py:12: Reloading Application because of config update...
2025-04-16 15:20:18 DEBUG _windows.py:218: Stopping worker thread...
2025-04-16 15:20:18 DEBUG _windows.py:201: Exiting thread
2025-04-16 15:20:18 DEBUG _windows.py:75: Closing
2025-04-16 15:20:18 INFO log.py:21: Yasb v1.6.9
2025-04-16 15:20:19 INFO weather.py:369: Fetched new weather data at 2025-04-16 15:20:19.405394
2025-04-16 15:20:19 DEBUG __init__.py:149: CoInitializeEx(None, 2)
2025-04-16 15:20:19 DEBUG win32.py:55: Looking up time zone info from registry
2025-04-16 15:20:20 INFO watcher.py:39: Created file watcher for path C:\Users\AlfredLaptop\.config\yasb
2025-04-16 15:20:20 DEBUG _windows.py:213: Starting (proactor: <_IocpProactor overlapped#=0 result#=0>)...
2025-04-16 15:20:20 DEBUG _windows.py:192: Thread started
2025-04-16 15:23:15 INFO controller.py:12: Reloading Application because of config update...
2025-04-16 15:23:15 DEBUG _windows.py:218: Stopping worker thread...
2025-04-16 15:23:15 DEBUG _windows.py:201: Exiting thread
2025-04-16 15:23:15 DEBUG _windows.py:75: Closing
2025-04-16 15:23:16 INFO log.py:21: Yasb v1.6.9
2025-04-16 15:23:17 INFO weather.py:369: Fetched new weather data at 2025-04-16 15:23:17.139939
2025-04-16 15:23:17 DEBUG __init__.py:149: CoInitializeEx(None, 2)
2025-04-16 15:23:17 DEBUG win32.py:55: Looking up time zone info from registry
2025-04-16 15:23:18 INFO watcher.py:39: Created file watcher for path C:\Users\AlfredLaptop\.config\yasb
2025-04-16 15:23:18 DEBUG _windows.py:213: Starting (proactor: <_IocpProactor overlapped#=0 result#=0>)...
2025-04-16 15:23:18 DEBUG _windows.py:192: Thread started
2025-04-16 15:24:18 INFO controller.py:12: Reloading Application because of config update...
2025-04-16 15:24:18 DEBUG _windows.py:218: Stopping worker thread...
2025-04-16 15:24:18 DEBUG _windows.py:201: Exiting thread
2025-04-16 15:24:18 DEBUG _windows.py:75: Closing
2025-04-16 15:24:19 INFO log.py:21: Yasb v1.6.9
2025-04-16 15:24:19 INFO weather.py:369: Fetched new weather data at 2025-04-16 15:24:19.798285
2025-04-16 15:24:19 DEBUG __init__.py:149: CoInitializeEx(None, 2)
2025-04-16 15:24:19 DEBUG win32.py:55: Looking up time zone info from registry
2025-04-16 15:24:21 INFO watcher.py:39: Created file watcher for path C:\Users\AlfredLaptop\.config\yasb
2025-04-16 15:24:21 DEBUG _windows.py:213: Starting (proactor: <_IocpProactor overlapped#=0 result#=0>)...
2025-04-16 15:24:21 DEBUG _windows.py:192: Thread started
2025-04-16 15:26:06 INFO controller.py:12: Reloading Application because of config update...
2025-04-16 15:26:06 DEBUG _windows.py:218: Stopping worker thread...
2025-04-16 15:26:06 DEBUG _windows.py:201: Exiting thread
2025-04-16 15:26:06 DEBUG _windows.py:75: Closing
2025-04-16 15:26:06 INFO log.py:21: Yasb v1.6.9
2025-04-16 15:26:07 INFO weather.py:369: Fetched new weather data at 2025-04-16 15:26:07.557322
2025-04-16 15:26:07 DEBUG __init__.py:149: CoInitializeEx(None, 2)
2025-04-16 15:26:07 DEBUG win32.py:55: Looking up time zone info from registry
2025-04-16 15:26:08 INFO watcher.py:39: Created file watcher for path C:\Users\AlfredLaptop\.config\yasb
2025-04-16 15:26:08 DEBUG _windows.py:213: Starting (proactor: <_IocpProactor overlapped#=0 result#=0>)...
2025-04-16 15:26:08 DEBUG _windows.py:192: Thread started
2025-04-16 15:33:33 INFO controller.py:12: Reloading Application because of config update...
2025-04-16 15:33:33 DEBUG _windows.py:218: Stopping worker thread...
2025-04-16 15:33:33 DEBUG _windows.py:201: Exiting thread
2025-04-16 15:33:33 DEBUG _windows.py:75: Closing
2025-04-16 15:33:33 INFO log.py:21: Yasb v1.6.9
2025-04-16 15:33:34 INFO weather.py:369: Fetched new weather data at 2025-04-16 15:33:34.327693
2025-04-16 15:33:34 DEBUG __init__.py:149: CoInitializeEx(None, 2)
2025-04-16 15:33:34 DEBUG win32.py:55: Looking up time zone info from registry
2025-04-16 15:33:35 INFO watcher.py:39: Created file watcher for path C:\Users\AlfredLaptop\.config\yasb
2025-04-16 15:33:35 DEBUG _windows.py:213: Starting (proactor: <_IocpProactor overlapped#=0 result#=0>)...
2025-04-16 15:33:35 DEBUG _windows.py:192: Thread started
2025-04-16 15:36:31 INFO controller.py:12: Reloading Application because of config update...
2025-04-16 15:36:31 DEBUG _windows.py:218: Stopping worker thread...
2025-04-16 15:36:31 DEBUG _windows.py:201: Exiting thread
2025-04-16 15:36:31 DEBUG _windows.py:75: Closing
2025-04-16 15:36:32 INFO log.py:21: Yasb v1.6.9
2025-04-16 15:36:33 INFO weather.py:369: Fetched new weather data at 2025-04-16 15:36:33.008388
2025-04-16 15:36:33 DEBUG __init__.py:149: CoInitializeEx(None, 2)
2025-04-16 15:36:33 DEBUG win32.py:55: Looking up time zone info from registry
2025-04-16 15:36:34 INFO watcher.py:39: Created file watcher for path C:\Users\AlfredLaptop\.config\yasb
2025-04-16 15:36:34 DEBUG _windows.py:213: Starting (proactor: <_IocpProactor overlapped#=0 result#=0>)...
2025-04-16 15:36:34 DEBUG _windows.py:192: Thread started
2025-04-16 15:36:55 INFO controller.py:12: Reloading Application because of config update...
2025-04-16 15:36:55 DEBUG _windows.py:218: Stopping worker thread...
2025-04-16 15:36:55 DEBUG _windows.py:201: Exiting thread
2025-04-16 15:36:55 DEBUG _windows.py:75: Closing
2025-04-16 15:36:55 INFO log.py:21: Yasb v1.6.9
2025-04-16 15:36:56 DEBUG __init__.py:149: CoInitializeEx(None, 2)
2025-04-16 15:36:56 DEBUG win32.py:55: Looking up time zone info from registry
2025-04-16 15:36:57 INFO watcher.py:39: Created file watcher for path C:\Users\AlfredLaptop\.config\yasb
2025-04-16 15:36:57 DEBUG _windows.py:213: Starting (proactor: <_IocpProactor overlapped#=0 result#=0>)...
2025-04-16 15:36:57 DEBUG _windows.py:192: Thread started
2025-04-16 15:39:40 INFO controller.py:12: Reloading Application because of config update...
2025-04-16 15:39:40 DEBUG _windows.py:218: Stopping worker thread...
2025-04-16 15:39:40 DEBUG _windows.py:201: Exiting thread
2025-04-16 15:39:40 DEBUG _windows.py:75: Closing
2025-04-16 15:39:40 INFO log.py:21: Yasb v1.6.9
2025-04-16 15:39:41 DEBUG __init__.py:149: CoInitializeEx(None, 2)
2025-04-16 15:39:42 DEBUG win32.py:55: Looking up time zone info from registry
2025-04-16 15:39:43 INFO watcher.py:39: Created file watcher for path C:\Users\AlfredLaptop\.config\yasb
2025-04-16 15:39:43 DEBUG _windows.py:213: Starting (proactor: <_IocpProactor overlapped#=0 result#=0>)...
2025-04-16 15:39:43 DEBUG _windows.py:192: Thread started
2025-04-16 15:47:47 INFO controller.py:12: Reloading Application because of config update...
2025-04-16 15:47:47 DEBUG _windows.py:218: Stopping worker thread...
2025-04-16 15:47:47 DEBUG _windows.py:201: Exiting thread
2025-04-16 15:47:47 DEBUG _windows.py:75: Closing
2025-04-16 15:47:48 INFO log.py:21: Yasb v1.6.9
2025-04-16 15:47:49 DEBUG __init__.py:149: CoInitializeEx(None, 2)
2025-04-16 15:47:49 DEBUG win32.py:55: Looking up time zone info from registry
2025-04-16 15:47:50 INFO watcher.py:39: Created file watcher for path C:\Users\AlfredLaptop\.config\yasb
2025-04-16 15:47:50 DEBUG _windows.py:213: Starting (proactor: <_IocpProactor overlapped#=0 result#=0>)...
2025-04-16 15:47:50 DEBUG _windows.py:192: Thread started
2025-04-16 15:51:46 INFO controller.py:12: Reloading Application because of config update...
2025-04-16 15:51:47 DEBUG _windows.py:218: Stopping worker thread...
2025-04-16 15:51:47 DEBUG _windows.py:201: Exiting thread
2025-04-16 15:51:47 DEBUG _windows.py:75: Closing
2025-04-16 15:51:47 INFO log.py:21: Yasb v1.6.9
2025-04-16 15:51:48 DEBUG __init__.py:149: CoInitializeEx(None, 2)
2025-04-16 15:51:48 DEBUG win32.py:55: Looking up time zone info from registry
2025-04-16 15:51:49 INFO watcher.py:39: Created file watcher for path C:\Users\AlfredLaptop\.config\yasb
2025-04-16 15:51:49 DEBUG _windows.py:213: Starting (proactor: <_IocpProactor overlapped#=0 result#=0>)...
2025-04-16 15:51:49 DEBUG _windows.py:192: Thread started
2025-04-16 15:53:03 INFO controller.py:12: Reloading Application because of config update...
2025-04-16 15:53:03 DEBUG _windows.py:218: Stopping worker thread...
2025-04-16 15:53:03 DEBUG _windows.py:201: Exiting thread
2025-04-16 15:53:03 DEBUG _windows.py:75: Closing
2025-04-16 15:53:04 INFO log.py:21: Yasb v1.6.9
2025-04-16 15:53:05 DEBUG __init__.py:149: CoInitializeEx(None, 2)
2025-04-16 15:53:05 DEBUG win32.py:55: Looking up time zone info from registry
2025-04-16 15:53:06 INFO watcher.py:39: Created file watcher for path C:\Users\AlfredLaptop\.config\yasb
2025-04-16 15:53:06 DEBUG _windows.py:213: Starting (proactor: <_IocpProactor overlapped#=0 result#=0>)...
2025-04-16 15:53:06 DEBUG _windows.py:192: Thread started
2025-04-16 15:53:12 INFO controller.py:12: Reloading Application because of config update...
2025-04-16 15:53:12 DEBUG _windows.py:218: Stopping worker thread...
2025-04-16 15:53:12 DEBUG _windows.py:201: Exiting thread
2025-04-16 15:53:12 DEBUG _windows.py:75: Closing
2025-04-16 15:53:12 INFO log.py:21: Yasb v1.6.9
2025-04-16 15:53:13 DEBUG __init__.py:149: CoInitializeEx(None, 2)
2025-04-16 15:53:13 DEBUG win32.py:55: Looking up time zone info from registry
2025-04-16 15:53:14 INFO watcher.py:39: Created file watcher for path C:\Users\AlfredLaptop\.config\yasb
2025-04-16 15:53:14 DEBUG _windows.py:213: Starting (proactor: <_IocpProactor overlapped#=0 result#=0>)...
2025-04-16 15:53:14 DEBUG _windows.py:192: Thread started
2025-04-16 15:53:37 INFO controller.py:12: Reloading Application because of config update...
2025-04-16 15:53:37 DEBUG _windows.py:218: Stopping worker thread...
2025-04-16 15:53:37 DEBUG _windows.py:201: Exiting thread
2025-04-16 15:53:37 DEBUG _windows.py:75: Closing
2025-04-16 15:53:37 INFO log.py:21: Yasb v1.6.9
2025-04-16 15:53:38 DEBUG __init__.py:149: CoInitializeEx(None, 2)
2025-04-16 15:53:38 DEBUG win32.py:55: Looking up time zone info from registry
2025-04-16 15:53:39 INFO watcher.py:39: Created file watcher for path C:\Users\AlfredLaptop\.config\yasb
2025-04-16 15:53:39 DEBUG _windows.py:213: Starting (proactor: <_IocpProactor overlapped#=0 result#=0>)...
2025-04-16 15:53:39 DEBUG _windows.py:192: Thread started
2025-04-16 15:54:32 INFO controller.py:12: Reloading Application because of config update...
2025-04-16 15:54:32 DEBUG _windows.py:218: Stopping worker thread...
2025-04-16 15:54:32 DEBUG _windows.py:201: Exiting thread
2025-04-16 15:54:32 DEBUG _windows.py:75: Closing
2025-04-16 15:54:33 INFO log.py:21: Yasb v1.6.9
2025-04-16 15:54:33 DEBUG __init__.py:149: CoInitializeEx(None, 2)
2025-04-16 15:54:34 DEBUG win32.py:55: Looking up time zone info from registry
2025-04-16 15:54:35 INFO watcher.py:39: Created file watcher for path C:\Users\AlfredLaptop\.config\yasb
2025-04-16 15:54:35 DEBUG _windows.py:213: Starting (proactor: <_IocpProactor overlapped#=0 result#=0>)...
2025-04-16 15:54:35 DEBUG _windows.py:192: Thread started
2025-04-16 15:55:25 INFO controller.py:12: Reloading Application because of config update...
2025-04-16 15:55:26 DEBUG _windows.py:218: Stopping worker thread...
2025-04-16 15:55:26 DEBUG _windows.py:201: Exiting thread
2025-04-16 15:55:26 DEBUG _windows.py:75: Closing
2025-04-16 15:55:26 INFO log.py:21: Yasb v1.6.9
2025-04-16 15:55:27 DEBUG __init__.py:149: CoInitializeEx(None, 2)
2025-04-16 15:55:27 DEBUG win32.py:55: Looking up time zone info from registry
2025-04-16 15:55:28 INFO watcher.py:39: Created file watcher for path C:\Users\AlfredLaptop\.config\yasb
2025-04-16 15:55:28 DEBUG _windows.py:213: Starting (proactor: <_IocpProactor overlapped#=0 result#=0>)...
2025-04-16 15:55:28 DEBUG _windows.py:192: Thread started
2025-04-16 16:12:34 INFO controller.py:12: Reloading Application because of config update...
2025-04-16 16:12:35 DEBUG _windows.py:218: Stopping worker thread...
2025-04-16 16:12:35 DEBUG _windows.py:201: Exiting thread
2025-04-16 16:12:35 DEBUG _windows.py:75: Closing
2025-04-16 16:12:35 INFO log.py:21: Yasb v1.6.9
2025-04-16 16:12:36 DEBUG __init__.py:149: CoInitializeEx(None, 2)
2025-04-16 16:12:36 DEBUG win32.py:55: Looking up time zone info from registry
2025-04-16 16:12:37 INFO watcher.py:39: Created file watcher for path C:\Users\AlfredLaptop\.config\yasb
2025-04-16 16:12:38 DEBUG _windows.py:213: Starting (proactor: <_IocpProactor overlapped#=0 result#=0>)...
2025-04-16 16:12:38 DEBUG _windows.py:192: Thread started
2025-04-16 16:14:55 INFO controller.py:12: Reloading Application because of config update...
2025-04-16 16:14:55 DEBUG _windows.py:218: Stopping worker thread...
2025-04-16 16:14:55 DEBUG _windows.py:201: Exiting thread
2025-04-16 16:14:55 DEBUG _windows.py:75: Closing
2025-04-16 16:14:56 INFO log.py:21: Yasb v1.6.9
2025-04-16 16:14:57 DEBUG __init__.py:149: CoInitializeEx(None, 2)
2025-04-16 16:14:57 DEBUG win32.py:55: Looking up time zone info from registry
2025-04-16 16:14:58 INFO watcher.py:39: Created file watcher for path C:\Users\AlfredLaptop\.config\yasb
2025-04-16 16:14:58 DEBUG _windows.py:213: Starting (proactor: <_IocpProactor overlapped#=0 result#=0>)...
2025-04-16 16:14:58 DEBUG _windows.py:192: Thread started
2025-04-16 16:15:35 INFO controller.py:12: Reloading Application because of config update...
2025-04-16 16:15:35 DEBUG _windows.py:218: Stopping worker thread...
2025-04-16 16:15:35 DEBUG _windows.py:201: Exiting thread
2025-04-16 16:15:35 DEBUG _windows.py:75: Closing
2025-04-16 16:15:36 INFO log.py:21: Yasb v1.6.9
2025-04-16 16:15:37 DEBUG __init__.py:149: CoInitializeEx(None, 2)
2025-04-16 16:15:37 DEBUG win32.py:55: Looking up time zone info from registry
2025-04-16 16:15:38 INFO watcher.py:39: Created file watcher for path C:\Users\AlfredLaptop\.config\yasb
2025-04-16 16:15:38 DEBUG _windows.py:213: Starting (proactor: <_IocpProactor overlapped#=0 result#=0>)...
2025-04-16 16:15:38 DEBUG _windows.py:192: Thread started
2025-04-16 17:30:30 INFO controller.py:12: Reloading Application because of config update...
2025-04-16 17:30:30 DEBUG _windows.py:218: Stopping worker thread...
2025-04-16 17:30:30 DEBUG _windows.py:201: Exiting thread
2025-04-16 17:30:30 DEBUG _windows.py:75: Closing
2025-04-16 17:30:30 INFO log.py:21: Yasb v1.6.9
2025-04-16 17:30:31 DEBUG __init__.py:149: CoInitializeEx(None, 2)
2025-04-16 17:30:32 DEBUG win32.py:55: Looking up time zone info from registry
2025-04-16 17:30:33 ERROR widget_builder.py:88: Failed to validate widget(s) due to invalid options  - battery
      battery_icons:
      - unknown field
      charging_options:
      - battery_charging_icon:
        - unknown field
      
2025-04-16 17:32:01 INFO watcher.py:39: Created file watcher for path C:\Users\AlfredLaptop\.config\yasb
2025-04-16 17:32:01 DEBUG _windows.py:213: Starting (proactor: <_IocpProactor overlapped#=0 result#=0>)...
2025-04-16 17:32:01 DEBUG _windows.py:192: Thread started
2025-04-16 17:32:19 INFO controller.py:12: Reloading Application from tray...
2025-04-16 17:32:19 DEBUG _windows.py:218: Stopping worker thread...
2025-04-16 17:32:19 DEBUG _windows.py:201: Exiting thread
2025-04-16 17:32:19 DEBUG _windows.py:75: Closing
2025-04-16 17:32:19 INFO log.py:21: Yasb v1.6.9
2025-04-16 17:32:20 DEBUG __init__.py:149: CoInitializeEx(None, 2)
2025-04-16 17:32:20 DEBUG win32.py:55: Looking up time zone info from registry
2025-04-16 17:32:21 ERROR widget_builder.py:88: Failed to validate widget(s) due to invalid options  - battery
      battery_icons:
      - unknown field
      charging_options:
      - battery_charging_icon:
        - unknown field
      
2025-04-16 17:37:09 INFO watcher.py:39: Created file watcher for path C:\Users\AlfredLaptop\.config\yasb
2025-04-16 17:37:09 DEBUG _windows.py:213: Starting (proactor: <_IocpProactor overlapped#=0 result#=0>)...
2025-04-16 17:37:09 DEBUG _windows.py:192: Thread started
2025-04-16 17:37:41 INFO controller.py:12: Reloading Application because of config update...
2025-04-16 17:37:41 DEBUG _windows.py:218: Stopping worker thread...
2025-04-16 17:37:41 DEBUG _windows.py:201: Exiting thread
2025-04-16 17:37:41 DEBUG _windows.py:75: Closing
2025-04-16 17:37:41 INFO log.py:21: Yasb v1.6.9
2025-04-16 17:37:42 DEBUG __init__.py:149: CoInitializeEx(None, 2)
2025-04-16 17:37:42 DEBUG win32.py:55: Looking up time zone info from registry
2025-04-16 17:37:43 ERROR widget_builder.py:88: Failed to validate widget(s) due to invalid options  - battery
      battery_icons:
      - unknown field
      
2025-04-16 17:38:00 INFO watcher.py:39: Created file watcher for path C:\Users\AlfredLaptop\.config\yasb
2025-04-16 17:38:00 DEBUG _windows.py:213: Starting (proactor: <_IocpProactor overlapped#=0 result#=0>)...
2025-04-16 17:38:00 DEBUG _windows.py:192: Thread started
2025-04-16 17:39:02 INFO controller.py:12: Reloading Application because of config update...
2025-04-16 17:39:02 DEBUG _windows.py:218: Stopping worker thread...
2025-04-16 17:39:02 DEBUG _windows.py:201: Exiting thread
2025-04-16 17:39:02 DEBUG _windows.py:75: Closing
2025-04-16 17:39:03 INFO log.py:21: Yasb v1.6.9
2025-04-16 17:39:04 DEBUG __init__.py:149: CoInitializeEx(None, 2)
2025-04-16 17:39:04 DEBUG win32.py:55: Looking up time zone info from registry
2025-04-16 17:39:05 ERROR widget_builder.py:88: Failed to validate widget(s) due to invalid options  - battery
      battery_icons:
      - unknown field
      
2025-04-16 17:39:28 INFO watcher.py:39: Created file watcher for path C:\Users\AlfredLaptop\.config\yasb
2025-04-16 17:39:28 DEBUG _windows.py:213: Starting (proactor: <_IocpProactor overlapped#=0 result#=0>)...
2025-04-16 17:39:28 DEBUG _windows.py:192: Thread started
2025-04-16 17:46:37 INFO controller.py:12: Reloading Application because of config update...
2025-04-16 17:46:37 DEBUG _windows.py:218: Stopping worker thread...
2025-04-16 17:46:37 DEBUG _windows.py:201: Exiting thread
2025-04-16 17:46:37 DEBUG _windows.py:75: Closing
2025-04-16 17:46:38 INFO log.py:21: Yasb v1.6.9
2025-04-16 17:46:38 DEBUG __init__.py:149: CoInitializeEx(None, 2)
2025-04-16 17:46:39 DEBUG win32.py:55: Looking up time zone info from registry
2025-04-16 17:46:40 ERROR widget_builder.py:88: Failed to validate widget(s) due to invalid options  - battery
      icons:
      - unknown field
      
2025-04-16 17:55:37 INFO watcher.py:39: Created file watcher for path C:\Users\AlfredLaptop\.config\yasb
2025-04-16 17:55:38 ERROR config.py:109: The config file 'C:\Users\AlfredLaptop\.config\yasb\config.yaml' contains validation errors. Please fix:
widgets:
- battery:
  - null value not allowed

2025-04-16 17:56:21 ERROR main.py:104: Exception during application startup
Traceback (most recent call last):
  File "main.py", line 102, in <module>
  File "main.py", line 85, in main
  File "D:\a\yasb\yasb\src\core\tray.py", line 40, in __init__
  File "D:\a\yasb\yasb\src\core\tray.py", line 60, in _load_config
TypeError: 'NoneType' object is not subscriptable
2025-04-16 18:01:34 INFO log.py:21: Yasb v1.6.9
2025-04-16 18:01:35 DEBUG __init__.py:149: CoInitializeEx(None, 2)
2025-04-16 18:01:35 DEBUG win32.py:55: Looking up time zone info from registry
2025-04-16 18:01:36 INFO watcher.py:39: Created file watcher for path C:\Users\AlfredLaptop\.config\yasb
2025-04-16 18:01:36 DEBUG _windows.py:213: Starting (proactor: <_IocpProactor overlapped#=0 result#=0>)...
2025-04-16 18:01:36 DEBUG _windows.py:192: Thread started
2025-04-16 18:03:01 INFO controller.py:12: Reloading Application because of config update...
2025-04-16 18:03:01 DEBUG _windows.py:218: Stopping worker thread...
2025-04-16 18:03:01 DEBUG _windows.py:201: Exiting thread
2025-04-16 18:03:01 DEBUG _windows.py:75: Closing
2025-04-16 18:03:02 INFO log.py:21: Yasb v1.6.9
2025-04-16 18:03:03 DEBUG __init__.py:149: CoInitializeEx(None, 2)
2025-04-16 18:03:03 DEBUG win32.py:55: Looking up time zone info from registry
2025-04-16 18:03:04 INFO watcher.py:39: Created file watcher for path C:\Users\AlfredLaptop\.config\yasb
2025-04-16 18:03:04 DEBUG _windows.py:213: Starting (proactor: <_IocpProactor overlapped#=0 result#=0>)...
2025-04-16 18:03:04 DEBUG _windows.py:192: Thread started
2025-04-16 18:10:42 INFO controller.py:12: Reloading Application because of config update...
2025-04-16 18:10:42 DEBUG _windows.py:218: Stopping worker thread...
2025-04-16 18:10:42 DEBUG _windows.py:201: Exiting thread
2025-04-16 18:10:42 DEBUG _windows.py:75: Closing
2025-04-16 18:10:43 INFO log.py:21: Yasb v1.6.9
2025-04-16 18:10:43 DEBUG __init__.py:149: CoInitializeEx(None, 2)
2025-04-16 18:10:43 DEBUG win32.py:55: Looking up time zone info from registry
2025-04-16 18:10:44 INFO watcher.py:39: Created file watcher for path C:\Users\AlfredLaptop\.config\yasb
2025-04-16 18:10:44 DEBUG _windows.py:213: Starting (proactor: <_IocpProactor overlapped#=0 result#=0>)...
2025-04-16 18:10:44 DEBUG _windows.py:192: Thread started
2025-04-16 18:11:12 INFO controller.py:12: Reloading Application because of config update...
2025-04-16 18:11:12 DEBUG _windows.py:218: Stopping worker thread...
2025-04-16 18:11:12 DEBUG _windows.py:201: Exiting thread
2025-04-16 18:11:12 DEBUG _windows.py:75: Closing
2025-04-16 18:11:12 INFO log.py:21: Yasb v1.6.9
2025-04-16 18:11:13 DEBUG __init__.py:149: CoInitializeEx(None, 2)
2025-04-16 18:11:13 DEBUG win32.py:55: Looking up time zone info from registry
2025-04-16 18:11:14 INFO watcher.py:39: Created file watcher for path C:\Users\AlfredLaptop\.config\yasb
2025-04-16 18:11:14 DEBUG _windows.py:213: Starting (proactor: <_IocpProactor overlapped#=0 result#=0>)...
2025-04-16 18:11:14 DEBUG _windows.py:192: Thread started
2025-04-16 18:11:55 INFO controller.py:12: Reloading Application because of config update...
2025-04-16 18:11:55 DEBUG _windows.py:218: Stopping worker thread...
2025-04-16 18:11:55 DEBUG _windows.py:201: Exiting thread
2025-04-16 18:11:55 DEBUG _windows.py:75: Closing
2025-04-16 18:11:55 INFO log.py:21: Yasb v1.6.9
2025-04-16 18:11:55 DEBUG __init__.py:149: CoInitializeEx(None, 2)
2025-04-16 18:11:56 DEBUG win32.py:55: Looking up time zone info from registry
2025-04-16 18:11:56 INFO watcher.py:39: Created file watcher for path C:\Users\AlfredLaptop\.config\yasb
2025-04-16 18:11:56 DEBUG _windows.py:213: Starting (proactor: <_IocpProactor overlapped#=0 result#=0>)...
2025-04-16 18:11:56 DEBUG _windows.py:192: Thread started
2025-04-16 18:14:23 INFO controller.py:12: Reloading Application because of config update...
2025-04-16 18:14:23 DEBUG _windows.py:218: Stopping worker thread...
2025-04-16 18:14:23 DEBUG _windows.py:201: Exiting thread
2025-04-16 18:14:23 DEBUG _windows.py:75: Closing
2025-04-16 18:14:23 INFO log.py:21: Yasb v1.6.9
2025-04-16 18:14:23 DEBUG __init__.py:149: CoInitializeEx(None, 2)
2025-04-16 18:14:23 DEBUG win32.py:55: Looking up time zone info from registry
2025-04-16 18:14:24 INFO watcher.py:39: Created file watcher for path C:\Users\AlfredLaptop\.config\yasb
2025-04-16 18:14:24 DEBUG _windows.py:213: Starting (proactor: <_IocpProactor overlapped#=0 result#=0>)...
2025-04-16 18:14:24 DEBUG _windows.py:192: Thread started
2025-04-16 18:29:53 INFO controller.py:12: Reloading Application because of config update...
2025-04-16 18:29:53 DEBUG _windows.py:218: Stopping worker thread...
2025-04-16 18:29:53 DEBUG _windows.py:201: Exiting thread
2025-04-16 18:29:53 DEBUG _windows.py:75: Closing
2025-04-16 18:29:53 INFO log.py:21: Yasb v1.6.9
2025-04-16 18:29:53 DEBUG __init__.py:149: CoInitializeEx(None, 2)
2025-04-16 18:29:53 DEBUG win32.py:55: Looking up time zone info from registry
2025-04-16 18:29:54 INFO watcher.py:39: Created file watcher for path C:\Users\AlfredLaptop\.config\yasb
2025-04-16 18:29:54 DEBUG _windows.py:213: Starting (proactor: <_IocpProactor overlapped#=0 result#=0>)...
2025-04-16 18:29:54 DEBUG _windows.py:192: Thread started
2025-04-16 21:48:37 INFO log.py:21: Yasb v1.6.9
2025-04-16 21:48:39 DEBUG __init__.py:149: CoInitializeEx(None, 2)
2025-04-16 21:48:40 DEBUG win32.py:55: Looking up time zone info from registry
2025-04-16 21:48:43 INFO watcher.py:39: Created file watcher for path C:\Users\AlfredLaptop\.config\yasb
2025-04-16 21:48:43 DEBUG _windows.py:213: Starting (proactor: <_IocpProactor overlapped#=0 result#=0>)...
2025-04-16 21:48:43 DEBUG _windows.py:192: Thread started
2025-04-16 22:42:14 ERROR config.py:109: The config file 'C:\Users\AlfredLaptop\.config\yasb\config.yaml' contains validation errors. Please fix:
widgets:
- glazewm_tiling_direction:
  - null value not allowed

2025-04-16 22:42:14 ERROR config.py:109: The config file 'C:\Users\AlfredLaptop\.config\yasb\config.yaml' contains validation errors. Please fix:
widgets:
- glazewm_tiling_direction:
  - null value not allowed

2025-04-16 22:42:14 ERROR config.py:109: The config file 'C:\Users\AlfredLaptop\.config\yasb\config.yaml' contains validation errors. Please fix:
widgets:
- glazewm_tiling_direction:
  - null value not allowed

2025-04-16 22:42:38 INFO controller.py:12: Reloading Application because of config update...
2025-04-16 22:42:38 DEBUG _windows.py:218: Stopping worker thread...
2025-04-16 22:42:38 DEBUG _windows.py:201: Exiting thread
2025-04-16 22:42:38 DEBUG _windows.py:75: Closing
2025-04-16 22:42:41 INFO log.py:21: Yasb v1.6.9
2025-04-16 22:42:45 DEBUG __init__.py:149: CoInitializeEx(None, 2)
2025-04-16 22:42:45 DEBUG win32.py:55: Looking up time zone info from registry
2025-04-16 22:42:49 INFO watcher.py:39: Created file watcher for path C:\Users\AlfredLaptop\.config\yasb
2025-04-16 22:42:49 DEBUG _windows.py:213: Starting (proactor: <_IocpProactor overlapped#=0 result#=0>)...
2025-04-16 22:42:49 DEBUG _windows.py:192: Thread started
2025-04-16 22:43:17 INFO controller.py:12: Reloading Application because of config update...
2025-04-16 22:43:17 DEBUG _windows.py:218: Stopping worker thread...
2025-04-16 22:43:17 DEBUG _windows.py:201: Exiting thread
2025-04-16 22:43:17 DEBUG _windows.py:75: Closing
2025-04-16 22:43:17 INFO log.py:21: Yasb v1.6.9
2025-04-16 22:43:18 DEBUG __init__.py:149: CoInitializeEx(None, 2)
2025-04-16 22:43:18 DEBUG win32.py:55: Looking up time zone info from registry
2025-04-16 22:43:20 INFO watcher.py:39: Created file watcher for path C:\Users\AlfredLaptop\.config\yasb
2025-04-16 22:43:20 DEBUG _windows.py:213: Starting (proactor: <_IocpProactor overlapped#=0 result#=0>)...
2025-04-16 22:43:20 DEBUG _windows.py:192: Thread started
2025-04-16 23:17:33 INFO controller.py:12: Reloading Application because of config update...
2025-04-16 23:17:33 DEBUG _windows.py:218: Stopping worker thread...
2025-04-16 23:17:33 DEBUG _windows.py:201: Exiting thread
2025-04-16 23:17:33 DEBUG _windows.py:75: Closing
2025-04-16 23:17:34 INFO log.py:21: Yasb v1.6.9
2025-04-16 23:17:34 DEBUG __init__.py:149: CoInitializeEx(None, 2)
2025-04-16 23:17:34 DEBUG win32.py:55: Looking up time zone info from registry
2025-04-16 23:17:35 INFO watcher.py:39: Created file watcher for path C:\Users\AlfredLaptop\.config\yasb
2025-04-16 23:17:35 DEBUG _windows.py:213: Starting (proactor: <_IocpProactor overlapped#=0 result#=0>)...
2025-04-16 23:17:35 DEBUG _windows.py:192: Thread started
2025-04-17 01:29:16 INFO controller.py:12: Reloading Application from tray...
2025-04-17 01:29:16 DEBUG _windows.py:218: Stopping worker thread...
2025-04-17 01:29:16 DEBUG _windows.py:201: Exiting thread
2025-04-17 01:29:16 DEBUG _windows.py:75: Closing
2025-04-17 01:29:17 INFO log.py:21: Yasb v1.6.9
2025-04-17 01:29:17 INFO config.py:61: Created default config file at C:\Users\AlfredLaptop\.config\yasb\config.yaml
2025-04-17 01:29:17 INFO config.py:75: Created default stylesheet at C:\Users\AlfredLaptop\.config\yasb\styles.css
2025-04-17 01:29:17 DEBUG win32.py:55: Looking up time zone info from registry
2025-04-17 01:29:17 INFO weather.py:369: Fetched new weather data at 2025-04-17 01:29:17.907863
2025-04-17 01:29:17 DEBUG __init__.py:149: CoInitializeEx(None, 2)
2025-04-17 01:29:18 INFO watcher.py:39: Created file watcher for path C:\Users\AlfredLaptop\.config\yasb
2025-04-17 01:29:18 INFO event_listener.py:53: Created named pipe yasb-9e3d6b6a-1b1a-11f0-a3d4-e00af6968532
2025-04-17 01:29:18 DEBUG _windows.py:213: Starting (proactor: <_IocpProactor overlapped#=0 result#=0>)...
2025-04-17 01:29:18 DEBUG _windows.py:192: Thread started
2025-04-17 01:33:55 INFO controller.py:12: Reloading Application because of config update...
2025-04-17 01:33:55 DEBUG _windows.py:218: Stopping worker thread...
2025-04-17 01:33:55 DEBUG _windows.py:201: Exiting thread
2025-04-17 01:33:55 DEBUG _windows.py:75: Closing
2025-04-17 01:33:55 INFO log.py:21: Yasb v1.6.9
2025-04-17 01:33:55 DEBUG win32.py:55: Looking up time zone info from registry
2025-04-17 01:33:55 INFO weather.py:369: Fetched new weather data at 2025-04-17 01:33:55.838133
2025-04-17 01:33:55 DEBUG __init__.py:149: CoInitializeEx(None, 2)
2025-04-17 01:33:56 INFO watcher.py:39: Created file watcher for path C:\Users\AlfredLaptop\.config\yasb
2025-04-17 01:33:56 INFO event_listener.py:53: Created named pipe yasb-43cf0aa2-1b1b-11f0-a4a1-e00af6968532
2025-04-17 01:33:56 DEBUG _windows.py:213: Starting (proactor: <_IocpProactor overlapped#=0 result#=0>)...
2025-04-17 01:33:56 DEBUG _windows.py:192: Thread started
2025-04-17 01:34:13 INFO controller.py:12: Reloading Application because of config update...
2025-04-17 01:34:13 DEBUG _windows.py:218: Stopping worker thread...
2025-04-17 01:34:13 DEBUG _windows.py:201: Exiting thread
2025-04-17 01:34:13 DEBUG _windows.py:75: Closing
2025-04-17 01:34:14 INFO log.py:21: Yasb v1.6.9
2025-04-17 01:34:14 DEBUG win32.py:55: Looking up time zone info from registry
2025-04-17 01:34:14 INFO weather.py:369: Fetched new weather data at 2025-04-17 01:34:14.503857
2025-04-17 01:34:14 DEBUG __init__.py:149: CoInitializeEx(None, 2)
2025-04-17 01:34:15 INFO watcher.py:39: Created file watcher for path C:\Users\AlfredLaptop\.config\yasb
2025-04-17 01:34:15 INFO event_listener.py:53: Created named pipe yasb-4ee9076b-1b1b-11f0-8222-e00af6968532
2025-04-17 01:34:15 DEBUG _windows.py:213: Starting (proactor: <_IocpProactor overlapped#=0 result#=0>)...
2025-04-17 01:34:15 DEBUG _windows.py:192: Thread started
2025-04-17 01:34:51 INFO controller.py:12: Reloading Application because of config update...
2025-04-17 01:34:51 DEBUG _windows.py:218: Stopping worker thread...
2025-04-17 01:34:51 DEBUG _windows.py:201: Exiting thread
2025-04-17 01:34:51 DEBUG _windows.py:75: Closing
2025-04-17 01:34:52 INFO log.py:21: Yasb v1.6.9
2025-04-17 01:34:52 DEBUG win32.py:55: Looking up time zone info from registry
2025-04-17 01:34:52 INFO weather.py:369: Fetched new weather data at 2025-04-17 01:34:52.583412
2025-04-17 01:34:52 DEBUG __init__.py:149: CoInitializeEx(None, 2)
2025-04-17 01:34:53 INFO watcher.py:39: Created file watcher for path C:\Users\AlfredLaptop\.config\yasb
2025-04-17 01:34:53 INFO event_listener.py:53: Created named pipe yasb-659adb8a-1b1b-11f0-8948-e00af6968532
2025-04-17 01:34:53 DEBUG _windows.py:213: Starting (proactor: <_IocpProactor overlapped#=0 result#=0>)...
2025-04-17 01:34:53 DEBUG _windows.py:192: Thread started
2025-04-17 01:36:39 INFO controller.py:12: Reloading Application because of config update...
2025-04-17 01:36:39 DEBUG _windows.py:218: Stopping worker thread...
2025-04-17 01:36:39 DEBUG _windows.py:201: Exiting thread
2025-04-17 01:36:39 DEBUG _windows.py:75: Closing
2025-04-17 01:36:39 INFO log.py:21: Yasb v1.6.9
2025-04-17 01:36:39 INFO weather.py:369: Fetched new weather data at 2025-04-17 01:36:39.779930
2025-04-17 01:36:39 DEBUG __init__.py:149: CoInitializeEx(None, 2)
2025-04-17 01:36:39 DEBUG win32.py:55: Looking up time zone info from registry
2025-04-17 01:36:40 INFO watcher.py:39: Created file watcher for path C:\Users\AlfredLaptop\.config\yasb
2025-04-17 01:36:40 DEBUG _windows.py:213: Starting (proactor: <_IocpProactor overlapped#=0 result#=0>)...
2025-04-17 01:36:40 DEBUG _windows.py:192: Thread started
2025-04-17 01:37:05 INFO controller.py:12: Reloading Application because of config update...
2025-04-17 01:37:05 DEBUG _windows.py:218: Stopping worker thread...
2025-04-17 01:37:05 DEBUG _windows.py:201: Exiting thread
2025-04-17 01:37:05 DEBUG _windows.py:75: Closing
2025-04-17 01:37:05 INFO log.py:21: Yasb v1.6.9
2025-04-17 01:37:05 DEBUG __init__.py:149: CoInitializeEx(None, 2)
2025-04-17 01:37:05 DEBUG win32.py:55: Looking up time zone info from registry
2025-04-17 01:37:06 INFO watcher.py:39: Created file watcher for path C:\Users\AlfredLaptop\.config\yasb
2025-04-17 01:37:06 DEBUG _windows.py:213: Starting (proactor: <_IocpProactor overlapped#=0 result#=0>)...
2025-04-17 01:37:06 DEBUG _windows.py:192: Thread started
2025-04-17 01:38:42 INFO controller.py:12: Reloading Application because of config update...
2025-04-17 01:38:42 DEBUG _windows.py:218: Stopping worker thread...
2025-04-17 01:38:42 DEBUG _windows.py:201: Exiting thread
2025-04-17 01:38:42 DEBUG _windows.py:75: Closing
2025-04-17 01:38:42 INFO log.py:21: Yasb v1.6.9
2025-04-17 01:38:42 DEBUG __init__.py:149: CoInitializeEx(None, 2)
2025-04-17 01:38:42 DEBUG win32.py:55: Looking up time zone info from registry
2025-04-17 01:38:43 INFO watcher.py:39: Created file watcher for path C:\Users\AlfredLaptop\.config\yasb
2025-04-17 01:38:43 DEBUG _windows.py:213: Starting (proactor: <_IocpProactor overlapped#=0 result#=0>)...
2025-04-17 01:38:43 DEBUG _windows.py:192: Thread started
2025-04-17 14:26:06 INFO controller.py:12: Reloading Application because of screen update...
2025-04-17 14:26:09 INFO log.py:21: Yasb v1.6.9
2025-04-17 14:26:10 DEBUG __init__.py:149: CoInitializeEx(None, 2)
2025-04-17 14:26:10 DEBUG win32.py:55: Looking up time zone info from registry
2025-04-17 14:26:15 INFO watcher.py:39: Created file watcher for path C:\Users\AlfredLaptop\.config\yasb
2025-04-17 14:26:15 DEBUG _windows.py:213: Starting (proactor: <_IocpProactor overlapped#=0 result#=0>)...
2025-04-17 14:26:15 DEBUG _windows.py:192: Thread started
2025-04-17 14:34:45 INFO controller.py:12: Reloading Application because of config update...
2025-04-17 14:34:45 DEBUG _windows.py:218: Stopping worker thread...
2025-04-17 14:34:45 DEBUG _windows.py:201: Exiting thread
2025-04-17 14:34:45 DEBUG _windows.py:75: Closing
2025-04-17 14:34:48 INFO log.py:21: Yasb v1.6.9
2025-04-17 14:34:48 DEBUG __init__.py:149: CoInitializeEx(None, 2)
2025-04-17 14:34:48 DEBUG win32.py:55: Looking up time zone info from registry
2025-04-17 14:34:51 INFO watcher.py:39: Created file watcher for path C:\Users\AlfredLaptop\.config\yasb
2025-04-17 14:34:51 DEBUG _windows.py:213: Starting (proactor: <_IocpProactor overlapped#=0 result#=0>)...
2025-04-17 14:34:51 DEBUG _windows.py:192: Thread started
2025-04-17 16:40:31 INFO controller.py:12: Reloading Application because of screen update...
2025-04-17 16:40:31 INFO log.py:21: Yasb v1.6.9
2025-04-17 16:40:31 DEBUG __init__.py:149: CoInitializeEx(None, 2)
2025-04-17 16:40:32 DEBUG win32.py:55: Looking up time zone info from registry
2025-04-17 16:40:33 INFO watcher.py:39: Created file watcher for path C:\Users\AlfredLaptop\.config\yasb
2025-04-17 16:40:33 DEBUG _windows.py:213: Starting (proactor: <_IocpProactor overlapped#=0 result#=0>)...
2025-04-17 16:40:33 DEBUG _windows.py:192: Thread started
2025-04-17 16:42:54 INFO controller.py:12: Reloading Application because of screen update...
2025-04-17 16:42:55 INFO log.py:21: Yasb v1.6.9
2025-04-17 16:42:55 DEBUG __init__.py:149: CoInitializeEx(None, 2)
2025-04-17 16:42:55 DEBUG win32.py:55: Looking up time zone info from registry
2025-04-17 16:42:56 INFO watcher.py:39: Created file watcher for path C:\Users\AlfredLaptop\.config\yasb
2025-04-17 16:42:56 DEBUG _windows.py:213: Starting (proactor: <_IocpProactor overlapped#=0 result#=0>)...
2025-04-17 16:42:56 DEBUG _windows.py:192: Thread started
2025-04-17 22:38:30 INFO log.py:21: Yasb v1.6.9
2025-04-17 22:38:31 DEBUG __init__.py:149: CoInitializeEx(None, 2)
2025-04-17 22:38:32 DEBUG win32.py:55: Looking up time zone info from registry
2025-04-17 22:38:36 INFO watcher.py:39: Created file watcher for path C:\Users\AlfredLaptop\.config\yasb
2025-04-17 22:38:36 DEBUG _windows.py:213: Starting (proactor: <_IocpProactor overlapped#=0 result#=0>)...
2025-04-17 22:38:36 DEBUG _windows.py:192: Thread started
2025-04-17 23:16:05 INFO controller.py:12: Reloading Application because of config update...
2025-04-17 23:16:05 DEBUG _windows.py:218: Stopping worker thread...
2025-04-17 23:16:05 DEBUG _windows.py:201: Exiting thread
2025-04-17 23:16:05 DEBUG _windows.py:75: Closing
2025-04-17 23:16:08 INFO log.py:21: Yasb v1.6.9
2025-04-17 23:16:09 DEBUG __init__.py:149: CoInitializeEx(None, 2)
2025-04-17 23:16:09 DEBUG win32.py:55: Looking up time zone info from registry
2025-04-17 23:16:14 INFO watcher.py:39: Created file watcher for path C:\Users\AlfredLaptop\.config\yasb
2025-04-17 23:16:14 DEBUG _windows.py:213: Starting (proactor: <_IocpProactor overlapped#=0 result#=0>)...
2025-04-17 23:16:14 DEBUG _windows.py:192: Thread started
2025-04-17 23:24:49 INFO controller.py:12: Reloading Application because of config update...
2025-04-17 23:24:49 DEBUG _windows.py:218: Stopping worker thread...
2025-04-17 23:24:49 DEBUG _windows.py:201: Exiting thread
2025-04-17 23:24:49 DEBUG _windows.py:75: Closing
2025-04-17 23:24:50 INFO log.py:21: Yasb v1.6.9
2025-04-17 23:24:50 DEBUG __init__.py:149: CoInitializeEx(None, 2)
2025-04-17 23:24:50 DEBUG win32.py:55: Looking up time zone info from registry
2025-04-17 23:24:52 INFO watcher.py:39: Created file watcher for path C:\Users\AlfredLaptop\.config\yasb
2025-04-17 23:24:52 DEBUG _windows.py:213: Starting (proactor: <_IocpProactor overlapped#=0 result#=0>)...
2025-04-17 23:24:52 DEBUG _windows.py:192: Thread started
2025-04-17 23:27:28 INFO controller.py:12: Reloading Application because of config update...
2025-04-17 23:27:29 DEBUG _windows.py:218: Stopping worker thread...
2025-04-17 23:27:29 DEBUG _windows.py:201: Exiting thread
2025-04-17 23:27:29 DEBUG _windows.py:75: Closing
2025-04-17 23:27:29 INFO log.py:21: Yasb v1.6.9
2025-04-17 23:27:29 DEBUG __init__.py:149: CoInitializeEx(None, 2)
2025-04-17 23:27:29 DEBUG win32.py:55: Looking up time zone info from registry
2025-04-17 23:27:31 INFO watcher.py:39: Created file watcher for path C:\Users\AlfredLaptop\.config\yasb
2025-04-17 23:27:31 DEBUG _windows.py:213: Starting (proactor: <_IocpProactor overlapped#=0 result#=0>)...
2025-04-17 23:27:31 DEBUG _windows.py:192: Thread started
2025-04-17 23:30:34 INFO controller.py:12: Reloading Application because of config update...
2025-04-17 23:30:34 DEBUG _windows.py:218: Stopping worker thread...
2025-04-17 23:30:34 DEBUG _windows.py:201: Exiting thread
2025-04-17 23:30:34 DEBUG _windows.py:75: Closing
2025-04-17 23:30:35 INFO log.py:21: Yasb v1.6.9
2025-04-17 23:30:35 DEBUG __init__.py:149: CoInitializeEx(None, 2)
2025-04-17 23:30:35 DEBUG win32.py:55: Looking up time zone info from registry
2025-04-17 23:30:37 INFO watcher.py:39: Created file watcher for path C:\Users\AlfredLaptop\.config\yasb
2025-04-17 23:30:37 DEBUG _windows.py:213: Starting (proactor: <_IocpProactor overlapped#=0 result#=0>)...
2025-04-17 23:30:37 DEBUG _windows.py:192: Thread started
2025-04-17 23:41:18 INFO controller.py:12: Reloading Application because of config update...
2025-04-17 23:41:18 DEBUG _windows.py:218: Stopping worker thread...
2025-04-17 23:41:18 DEBUG _windows.py:201: Exiting thread
2025-04-17 23:41:18 DEBUG _windows.py:75: Closing
2025-04-17 23:41:18 INFO log.py:21: Yasb v1.6.9
2025-04-17 23:41:18 DEBUG __init__.py:149: CoInitializeEx(None, 2)
2025-04-17 23:41:18 DEBUG win32.py:55: Looking up time zone info from registry
2025-04-17 23:41:20 INFO watcher.py:39: Created file watcher for path C:\Users\AlfredLaptop\.config\yasb
2025-04-17 23:41:20 DEBUG _windows.py:213: Starting (proactor: <_IocpProactor overlapped#=0 result#=0>)...
2025-04-17 23:41:20 DEBUG _windows.py:192: Thread started
2025-04-17 23:41:52 INFO controller.py:12: Reloading Application because of config update...
2025-04-17 23:41:52 DEBUG _windows.py:218: Stopping worker thread...
2025-04-17 23:41:52 DEBUG _windows.py:201: Exiting thread
2025-04-17 23:41:52 DEBUG _windows.py:75: Closing
2025-04-17 23:41:52 INFO log.py:21: Yasb v1.6.9
2025-04-17 23:41:53 DEBUG __init__.py:149: CoInitializeEx(None, 2)
2025-04-17 23:41:53 DEBUG win32.py:55: Looking up time zone info from registry
2025-04-17 23:41:54 INFO watcher.py:39: Created file watcher for path C:\Users\AlfredLaptop\.config\yasb
2025-04-17 23:41:54 DEBUG _windows.py:213: Starting (proactor: <_IocpProactor overlapped#=0 result#=0>)...
2025-04-17 23:41:54 DEBUG _windows.py:192: Thread started
2025-04-17 23:43:28 INFO controller.py:12: Reloading Application because of config update...
2025-04-17 23:43:28 DEBUG _windows.py:218: Stopping worker thread...
2025-04-17 23:43:28 DEBUG _windows.py:201: Exiting thread
2025-04-17 23:43:28 DEBUG _windows.py:75: Closing
2025-04-17 23:43:29 INFO log.py:21: Yasb v1.6.9
2025-04-17 23:43:29 DEBUG __init__.py:149: CoInitializeEx(None, 2)
2025-04-17 23:43:29 DEBUG win32.py:55: Looking up time zone info from registry
2025-04-17 23:43:31 INFO watcher.py:39: Created file watcher for path C:\Users\AlfredLaptop\.config\yasb
2025-04-17 23:43:31 DEBUG _windows.py:213: Starting (proactor: <_IocpProactor overlapped#=0 result#=0>)...
2025-04-17 23:43:31 DEBUG _windows.py:192: Thread started
2025-04-17 23:46:16 INFO controller.py:12: Reloading Application because of config update...
2025-04-17 23:46:16 DEBUG _windows.py:218: Stopping worker thread...
2025-04-17 23:46:16 DEBUG _windows.py:201: Exiting thread
2025-04-17 23:46:16 DEBUG _windows.py:75: Closing
2025-04-17 23:46:17 INFO log.py:21: Yasb v1.6.9
2025-04-17 23:46:17 DEBUG __init__.py:149: CoInitializeEx(None, 2)
2025-04-17 23:46:17 DEBUG win32.py:55: Looking up time zone info from registry
2025-04-17 23:46:19 INFO watcher.py:39: Created file watcher for path C:\Users\AlfredLaptop\.config\yasb
2025-04-17 23:46:19 DEBUG _windows.py:213: Starting (proactor: <_IocpProactor overlapped#=0 result#=0>)...
2025-04-17 23:46:19 DEBUG _windows.py:192: Thread started
2025-04-17 23:46:26 INFO controller.py:12: Reloading Application because of config update...
2025-04-17 23:46:26 DEBUG _windows.py:218: Stopping worker thread...
2025-04-17 23:46:26 DEBUG _windows.py:201: Exiting thread
2025-04-17 23:46:26 DEBUG _windows.py:75: Closing
2025-04-17 23:46:27 INFO log.py:21: Yasb v1.6.9
2025-04-17 23:46:27 DEBUG __init__.py:149: CoInitializeEx(None, 2)
2025-04-17 23:46:27 DEBUG win32.py:55: Looking up time zone info from registry
2025-04-17 23:46:28 INFO watcher.py:39: Created file watcher for path C:\Users\AlfredLaptop\.config\yasb
2025-04-17 23:46:28 DEBUG _windows.py:213: Starting (proactor: <_IocpProactor overlapped#=0 result#=0>)...
2025-04-17 23:46:28 DEBUG _windows.py:192: Thread started
2025-04-17 23:46:37 INFO controller.py:12: Reloading Application because of config update...
2025-04-17 23:46:37 DEBUG _windows.py:218: Stopping worker thread...
2025-04-17 23:46:37 DEBUG _windows.py:201: Exiting thread
2025-04-17 23:46:37 DEBUG _windows.py:75: Closing
2025-04-17 23:46:38 INFO log.py:21: Yasb v1.6.9
2025-04-17 23:46:38 DEBUG __init__.py:149: CoInitializeEx(None, 2)
2025-04-17 23:46:38 DEBUG win32.py:55: Looking up time zone info from registry
2025-04-17 23:46:39 INFO watcher.py:39: Created file watcher for path C:\Users\AlfredLaptop\.config\yasb
2025-04-17 23:46:39 DEBUG _windows.py:213: Starting (proactor: <_IocpProactor overlapped#=0 result#=0>)...
2025-04-17 23:46:39 DEBUG _windows.py:192: Thread started
2025-04-17 23:48:40 INFO controller.py:12: Reloading Application because of config update...
2025-04-17 23:48:40 DEBUG _windows.py:218: Stopping worker thread...
2025-04-17 23:48:40 DEBUG _windows.py:201: Exiting thread
2025-04-17 23:48:40 DEBUG _windows.py:75: Closing
2025-04-17 23:48:40 INFO log.py:21: Yasb v1.6.9
2025-04-17 23:48:40 DEBUG __init__.py:149: CoInitializeEx(None, 2)
2025-04-17 23:48:41 DEBUG win32.py:55: Looking up time zone info from registry
2025-04-17 23:48:42 INFO watcher.py:39: Created file watcher for path C:\Users\AlfredLaptop\.config\yasb
2025-04-17 23:48:42 DEBUG _windows.py:213: Starting (proactor: <_IocpProactor overlapped#=0 result#=0>)...
2025-04-17 23:48:42 DEBUG _windows.py:192: Thread started
2025-04-17 23:50:06 INFO controller.py:12: Reloading Application because of config update...
2025-04-17 23:50:07 DEBUG _windows.py:218: Stopping worker thread...
2025-04-17 23:50:07 DEBUG _windows.py:201: Exiting thread
2025-04-17 23:50:07 DEBUG _windows.py:75: Closing
2025-04-17 23:50:07 INFO log.py:21: Yasb v1.6.9
2025-04-17 23:50:07 DEBUG __init__.py:149: CoInitializeEx(None, 2)
2025-04-17 23:50:07 DEBUG win32.py:55: Looking up time zone info from registry
2025-04-17 23:50:09 INFO watcher.py:39: Created file watcher for path C:\Users\AlfredLaptop\.config\yasb
2025-04-17 23:50:09 DEBUG _windows.py:213: Starting (proactor: <_IocpProactor overlapped#=0 result#=0>)...
2025-04-17 23:50:09 DEBUG _windows.py:192: Thread started
2025-04-17 23:54:50 INFO controller.py:12: Reloading Application because of config update...
2025-04-17 23:54:50 DEBUG _windows.py:218: Stopping worker thread...
2025-04-17 23:54:50 DEBUG _windows.py:201: Exiting thread
2025-04-17 23:54:50 DEBUG _windows.py:75: Closing
2025-04-17 23:54:51 INFO log.py:21: Yasb v1.6.9
2025-04-17 23:54:51 DEBUG __init__.py:149: CoInitializeEx(None, 2)
2025-04-17 23:54:51 DEBUG win32.py:55: Looking up time zone info from registry
2025-04-17 23:54:53 INFO watcher.py:39: Created file watcher for path C:\Users\AlfredLaptop\.config\yasb
2025-04-17 23:54:53 DEBUG _windows.py:213: Starting (proactor: <_IocpProactor overlapped#=0 result#=0>)...
2025-04-17 23:54:53 DEBUG _windows.py:192: Thread started
2025-04-17 23:55:17 INFO controller.py:12: Reloading Application because of config update...
2025-04-17 23:55:17 DEBUG _windows.py:218: Stopping worker thread...
2025-04-17 23:55:17 DEBUG _windows.py:201: Exiting thread
2025-04-17 23:55:17 DEBUG _windows.py:75: Closing
2025-04-17 23:55:17 INFO log.py:21: Yasb v1.6.9
2025-04-17 23:55:18 DEBUG __init__.py:149: CoInitializeEx(None, 2)
2025-04-17 23:55:18 DEBUG win32.py:55: Looking up time zone info from registry
2025-04-17 23:55:19 INFO watcher.py:39: Created file watcher for path C:\Users\AlfredLaptop\.config\yasb
2025-04-17 23:55:19 DEBUG _windows.py:213: Starting (proactor: <_IocpProactor overlapped#=0 result#=0>)...
2025-04-17 23:55:19 DEBUG _windows.py:192: Thread started
2025-04-18 00:11:43 INFO controller.py:12: Reloading Application because of config update...
2025-04-18 00:11:43 DEBUG _windows.py:218: Stopping worker thread...
2025-04-18 00:11:43 DEBUG _windows.py:201: Exiting thread
2025-04-18 00:11:43 DEBUG _windows.py:75: Closing
2025-04-18 00:11:44 INFO log.py:21: Yasb v1.6.9
2025-04-18 00:11:44 DEBUG __init__.py:149: CoInitializeEx(None, 2)
2025-04-18 00:11:44 DEBUG win32.py:55: Looking up time zone info from registry
2025-04-18 00:11:46 INFO watcher.py:39: Created file watcher for path C:\Users\AlfredLaptop\.config\yasb
2025-04-18 00:11:46 DEBUG _windows.py:213: Starting (proactor: <_IocpProactor overlapped#=0 result#=0>)...
2025-04-18 00:11:46 DEBUG _windows.py:192: Thread started
2025-04-18 00:13:01 INFO controller.py:12: Reloading Application because of config update...
2025-04-18 00:13:01 DEBUG _windows.py:218: Stopping worker thread...
2025-04-18 00:13:01 DEBUG _windows.py:201: Exiting thread
2025-04-18 00:13:01 DEBUG _windows.py:75: Closing
2025-04-18 00:13:02 INFO log.py:21: Yasb v1.6.9
2025-04-18 00:13:02 DEBUG __init__.py:149: CoInitializeEx(None, 2)
2025-04-18 00:13:02 DEBUG win32.py:55: Looking up time zone info from registry
2025-04-18 00:13:03 INFO watcher.py:39: Created file watcher for path C:\Users\AlfredLaptop\.config\yasb
2025-04-18 00:13:04 DEBUG _windows.py:213: Starting (proactor: <_IocpProactor overlapped#=0 result#=0>)...
2025-04-18 00:13:04 DEBUG _windows.py:192: Thread started
2025-04-18 00:13:22 INFO controller.py:12: Reloading Application because of config update...
2025-04-18 00:13:22 DEBUG _windows.py:218: Stopping worker thread...
2025-04-18 00:13:22 DEBUG _windows.py:201: Exiting thread
2025-04-18 00:13:22 DEBUG _windows.py:75: Closing
2025-04-18 00:13:23 INFO log.py:21: Yasb v1.6.9
2025-04-18 00:13:23 DEBUG __init__.py:149: CoInitializeEx(None, 2)
2025-04-18 00:13:23 DEBUG win32.py:55: Looking up time zone info from registry
2025-04-18 00:13:25 INFO watcher.py:39: Created file watcher for path C:\Users\AlfredLaptop\.config\yasb
2025-04-18 00:13:25 DEBUG _windows.py:213: Starting (proactor: <_IocpProactor overlapped#=0 result#=0>)...
2025-04-18 00:13:25 DEBUG _windows.py:192: Thread started
2025-04-18 00:20:27 INFO controller.py:12: Reloading Application because of config update...
2025-04-18 00:20:27 DEBUG _windows.py:218: Stopping worker thread...
2025-04-18 00:20:27 DEBUG _windows.py:201: Exiting thread
2025-04-18 00:20:27 DEBUG _windows.py:75: Closing
2025-04-18 00:20:27 INFO log.py:21: Yasb v1.6.9
2025-04-18 00:20:27 DEBUG __init__.py:149: CoInitializeEx(None, 2)
2025-04-18 00:20:28 DEBUG win32.py:55: Looking up time zone info from registry
2025-04-18 00:20:29 INFO watcher.py:39: Created file watcher for path C:\Users\AlfredLaptop\.config\yasb
2025-04-18 00:20:29 DEBUG _windows.py:213: Starting (proactor: <_IocpProactor overlapped#=0 result#=0>)...
2025-04-18 00:20:29 DEBUG _windows.py:192: Thread started
2025-04-18 00:23:05 INFO controller.py:12: Reloading Application because of config update...
2025-04-18 00:23:05 DEBUG _windows.py:218: Stopping worker thread...
2025-04-18 00:23:05 DEBUG _windows.py:201: Exiting thread
2025-04-18 00:23:05 DEBUG _windows.py:75: Closing
2025-04-18 00:23:06 INFO log.py:21: Yasb v1.6.9
2025-04-18 00:23:06 DEBUG __init__.py:149: CoInitializeEx(None, 2)
2025-04-18 00:23:06 DEBUG win32.py:55: Looking up time zone info from registry
2025-04-18 00:23:08 INFO watcher.py:39: Created file watcher for path C:\Users\AlfredLaptop\.config\yasb
2025-04-18 00:23:08 DEBUG _windows.py:213: Starting (proactor: <_IocpProactor overlapped#=0 result#=0>)...
2025-04-18 00:23:08 DEBUG _windows.py:192: Thread started
2025-04-18 00:32:12 INFO controller.py:12: Reloading Application because of config update...
2025-04-18 00:32:12 DEBUG _windows.py:218: Stopping worker thread...
2025-04-18 00:32:12 DEBUG _windows.py:201: Exiting thread
2025-04-18 00:32:12 DEBUG _windows.py:75: Closing
2025-04-18 00:32:13 INFO log.py:21: Yasb v1.6.9
2025-04-18 00:32:13 ERROR widget_builder.py:70: Failed to import widget 'home'
Traceback (most recent call last):
  File "D:\a\yasb\yasb\src\core\utils\widget_builder.py", line 56, in _build_widget
  File "D:\a\yasb\yasb\venv\Lib\site-packages\cerberus\validator.py", line 1031, in validate
  File "D:\a\yasb\yasb\venv\Lib\site-packages\cerberus\validator.py", line 644, in __init_processing
cerberus.validator.DocumentError: document is missing
2025-04-18 00:32:13 DEBUG __init__.py:149: CoInitializeEx(None, 2)
2025-04-18 00:32:13 DEBUG win32.py:55: Looking up time zone info from registry
2025-04-18 00:32:14 INFO watcher.py:39: Created file watcher for path C:\Users\AlfredLaptop\.config\yasb
2025-04-18 00:32:15 DEBUG _windows.py:213: Starting (proactor: <_IocpProactor overlapped#=0 result#=0>)...
2025-04-18 00:32:15 DEBUG _windows.py:192: Thread started
2025-04-18 00:34:13 INFO controller.py:12: Reloading Application because of config update...
2025-04-18 00:34:13 DEBUG _windows.py:218: Stopping worker thread...
2025-04-18 00:34:13 DEBUG _windows.py:201: Exiting thread
2025-04-18 00:34:13 DEBUG _windows.py:75: Closing
2025-04-18 00:34:13 INFO log.py:21: Yasb v1.6.9
2025-04-18 00:34:13 DEBUG __init__.py:149: CoInitializeEx(None, 2)
2025-04-18 00:34:14 DEBUG win32.py:55: Looking up time zone info from registry
2025-04-18 00:34:15 INFO watcher.py:39: Created file watcher for path C:\Users\AlfredLaptop\.config\yasb
2025-04-18 00:34:15 DEBUG _windows.py:213: Starting (proactor: <_IocpProactor overlapped#=0 result#=0>)...
2025-04-18 00:34:15 DEBUG _windows.py:192: Thread started
2025-04-18 00:37:56 INFO controller.py:12: Reloading Application because of config update...
2025-04-18 00:37:56 DEBUG _windows.py:218: Stopping worker thread...
2025-04-18 00:37:56 DEBUG _windows.py:201: Exiting thread
2025-04-18 00:37:56 DEBUG _windows.py:75: Closing
2025-04-18 00:37:57 INFO log.py:21: Yasb v1.6.9
2025-04-18 00:37:57 DEBUG __init__.py:149: CoInitializeEx(None, 2)
2025-04-18 00:37:57 DEBUG win32.py:55: Looking up time zone info from registry
2025-04-18 00:37:59 INFO watcher.py:39: Created file watcher for path C:\Users\AlfredLaptop\.config\yasb
2025-04-18 00:37:59 DEBUG _windows.py:213: Starting (proactor: <_IocpProactor overlapped#=0 result#=0>)...
2025-04-18 00:37:59 DEBUG _windows.py:192: Thread started
2025-04-18 00:38:22 INFO controller.py:12: Reloading Application because of config update...
2025-04-18 00:38:22 DEBUG _windows.py:218: Stopping worker thread...
2025-04-18 00:38:22 DEBUG _windows.py:201: Exiting thread
2025-04-18 00:38:22 DEBUG _windows.py:75: Closing
2025-04-18 00:38:23 INFO log.py:21: Yasb v1.6.9
2025-04-18 00:38:23 DEBUG __init__.py:149: CoInitializeEx(None, 2)
2025-04-18 00:38:23 DEBUG win32.py:55: Looking up time zone info from registry
2025-04-18 00:38:24 INFO watcher.py:39: Created file watcher for path C:\Users\AlfredLaptop\.config\yasb
2025-04-18 00:38:24 DEBUG _windows.py:213: Starting (proactor: <_IocpProactor overlapped#=0 result#=0>)...
2025-04-18 00:38:24 DEBUG _windows.py:192: Thread started
2025-04-18 00:38:39 INFO controller.py:12: Reloading Application because of config update...
2025-04-18 00:38:39 DEBUG _windows.py:218: Stopping worker thread...
2025-04-18 00:38:39 DEBUG _windows.py:201: Exiting thread
2025-04-18 00:38:39 DEBUG _windows.py:75: Closing
2025-04-18 00:38:39 INFO log.py:21: Yasb v1.6.9
2025-04-18 00:38:39 DEBUG __init__.py:149: CoInitializeEx(None, 2)
2025-04-18 00:38:40 DEBUG win32.py:55: Looking up time zone info from registry
2025-04-18 00:38:41 INFO watcher.py:39: Created file watcher for path C:\Users\AlfredLaptop\.config\yasb
2025-04-18 00:38:41 DEBUG _windows.py:213: Starting (proactor: <_IocpProactor overlapped#=0 result#=0>)...
2025-04-18 00:38:41 DEBUG _windows.py:192: Thread started
2025-04-18 00:56:02 INFO controller.py:12: Reloading Application because of config update...
2025-04-18 00:56:02 DEBUG _windows.py:218: Stopping worker thread...
2025-04-18 00:56:02 DEBUG _windows.py:201: Exiting thread
2025-04-18 00:56:02 DEBUG _windows.py:75: Closing
2025-04-18 00:56:02 INFO log.py:21: Yasb v1.6.9
2025-04-18 00:56:04 DEBUG __init__.py:149: CoInitializeEx(None, 2)
2025-04-18 00:56:04 DEBUG win32.py:55: Looking up time zone info from registry
2025-04-18 00:56:05 INFO watcher.py:39: Created file watcher for path C:\Users\AlfredLaptop\.config\yasb
2025-04-18 00:56:06 DEBUG _windows.py:213: Starting (proactor: <_IocpProactor overlapped#=0 result#=0>)...
2025-04-18 00:56:06 DEBUG _windows.py:192: Thread started
2025-04-18 01:01:50 INFO controller.py:12: Reloading Application because of config update...
2025-04-18 01:01:50 DEBUG _windows.py:218: Stopping worker thread...
2025-04-18 01:01:50 DEBUG _windows.py:201: Exiting thread
2025-04-18 01:01:50 DEBUG _windows.py:75: Closing
2025-04-18 01:01:51 INFO log.py:21: Yasb v1.6.9
2025-04-18 01:01:51 DEBUG __init__.py:149: CoInitializeEx(None, 2)
2025-04-18 01:01:52 DEBUG win32.py:55: Looking up time zone info from registry
2025-04-18 01:01:53 INFO watcher.py:39: Created file watcher for path C:\Users\AlfredLaptop\.config\yasb
2025-04-18 01:01:53 DEBUG _windows.py:213: Starting (proactor: <_IocpProactor overlapped#=0 result#=0>)...
2025-04-18 01:01:53 DEBUG _windows.py:192: Thread started
2025-04-18 01:02:59 INFO controller.py:12: Reloading Application because of config update...
2025-04-18 01:02:59 DEBUG _windows.py:218: Stopping worker thread...
2025-04-18 01:02:59 DEBUG _windows.py:201: Exiting thread
2025-04-18 01:02:59 DEBUG _windows.py:75: Closing
2025-04-18 01:02:59 INFO log.py:21: Yasb v1.6.9
2025-04-18 01:03:00 DEBUG __init__.py:149: CoInitializeEx(None, 2)
2025-04-18 01:03:00 DEBUG win32.py:55: Looking up time zone info from registry
2025-04-18 01:03:01 INFO watcher.py:39: Created file watcher for path C:\Users\AlfredLaptop\.config\yasb
2025-04-18 01:03:01 DEBUG _windows.py:213: Starting (proactor: <_IocpProactor overlapped#=0 result#=0>)...
2025-04-18 01:03:01 DEBUG _windows.py:192: Thread started
2025-04-18 01:12:26 INFO controller.py:12: Reloading Application because of config update...
2025-04-18 01:12:26 DEBUG _windows.py:218: Stopping worker thread...
2025-04-18 01:12:26 DEBUG _windows.py:201: Exiting thread
2025-04-18 01:12:26 DEBUG _windows.py:75: Closing
2025-04-18 01:12:26 INFO log.py:21: Yasb v1.6.9
2025-04-18 01:12:27 DEBUG __init__.py:149: CoInitializeEx(None, 2)
2025-04-18 01:12:27 DEBUG win32.py:55: Looking up time zone info from registry
2025-04-18 01:12:28 INFO watcher.py:39: Created file watcher for path C:\Users\AlfredLaptop\.config\yasb
2025-04-18 01:12:29 DEBUG _windows.py:213: Starting (proactor: <_IocpProactor overlapped#=0 result#=0>)...
2025-04-18 01:12:29 DEBUG _windows.py:192: Thread started
2025-04-18 01:13:00 INFO controller.py:12: Reloading Application because of config update...
2025-04-18 01:13:00 DEBUG _windows.py:218: Stopping worker thread...
2025-04-18 01:13:00 DEBUG _windows.py:201: Exiting thread
2025-04-18 01:13:00 DEBUG _windows.py:75: Closing
2025-04-18 01:13:01 INFO log.py:21: Yasb v1.6.9
2025-04-18 01:13:01 DEBUG __init__.py:149: CoInitializeEx(None, 2)
2025-04-18 01:13:02 DEBUG win32.py:55: Looking up time zone info from registry
2025-04-18 01:13:03 INFO watcher.py:39: Created file watcher for path C:\Users\AlfredLaptop\.config\yasb
2025-04-18 01:13:03 DEBUG _windows.py:213: Starting (proactor: <_IocpProactor overlapped#=0 result#=0>)...
2025-04-18 01:13:03 DEBUG _windows.py:192: Thread started
2025-04-18 01:15:16 INFO controller.py:12: Reloading Application because of config update...
2025-04-18 01:15:16 DEBUG _windows.py:218: Stopping worker thread...
2025-04-18 01:15:16 DEBUG _windows.py:201: Exiting thread
2025-04-18 01:15:16 DEBUG _windows.py:75: Closing
2025-04-18 01:15:16 INFO log.py:21: Yasb v1.6.9
2025-04-18 01:15:17 DEBUG __init__.py:149: CoInitializeEx(None, 2)
2025-04-18 01:15:17 DEBUG win32.py:55: Looking up time zone info from registry
2025-04-18 01:15:18 INFO watcher.py:39: Created file watcher for path C:\Users\AlfredLaptop\.config\yasb
2025-04-18 01:15:18 DEBUG _windows.py:213: Starting (proactor: <_IocpProactor overlapped#=0 result#=0>)...
2025-04-18 01:15:18 DEBUG _windows.py:192: Thread started
2025-04-18 01:15:33 INFO controller.py:12: Reloading Application because of config update...
2025-04-18 01:15:33 DEBUG _windows.py:218: Stopping worker thread...
2025-04-18 01:15:33 DEBUG _windows.py:201: Exiting thread
2025-04-18 01:15:33 DEBUG _windows.py:75: Closing
2025-04-18 01:15:34 INFO log.py:21: Yasb v1.6.9
2025-04-18 01:15:34 DEBUG __init__.py:149: CoInitializeEx(None, 2)
2025-04-18 01:15:34 DEBUG win32.py:55: Looking up time zone info from registry
2025-04-18 01:15:36 INFO watcher.py:39: Created file watcher for path C:\Users\AlfredLaptop\.config\yasb
2025-04-18 01:15:36 DEBUG _windows.py:213: Starting (proactor: <_IocpProactor overlapped#=0 result#=0>)...
2025-04-18 01:15:36 DEBUG _windows.py:192: Thread started
2025-04-18 01:18:48 INFO controller.py:12: Reloading Application because of config update...
2025-04-18 01:18:48 DEBUG _windows.py:218: Stopping worker thread...
2025-04-18 01:18:48 DEBUG _windows.py:201: Exiting thread
2025-04-18 01:18:48 DEBUG _windows.py:75: Closing
2025-04-18 01:18:49 INFO log.py:21: Yasb v1.6.9
2025-04-18 01:18:49 DEBUG __init__.py:149: CoInitializeEx(None, 2)
2025-04-18 01:18:49 DEBUG win32.py:55: Looking up time zone info from registry
2025-04-18 01:18:50 INFO watcher.py:39: Created file watcher for path C:\Users\AlfredLaptop\.config\yasb
2025-04-18 01:18:50 DEBUG _windows.py:213: Starting (proactor: <_IocpProactor overlapped#=0 result#=0>)...
2025-04-18 01:18:50 DEBUG _windows.py:192: Thread started
2025-04-18 01:19:02 INFO controller.py:12: Reloading Application because of config update...
2025-04-18 01:19:02 DEBUG _windows.py:218: Stopping worker thread...
2025-04-18 01:19:02 DEBUG _windows.py:201: Exiting thread
2025-04-18 01:19:02 DEBUG _windows.py:75: Closing
2025-04-18 01:19:03 INFO log.py:21: Yasb v1.6.9
2025-04-18 01:19:03 DEBUG __init__.py:149: CoInitializeEx(None, 2)
2025-04-18 01:19:04 DEBUG win32.py:55: Looking up time zone info from registry
2025-04-18 01:19:05 INFO watcher.py:39: Created file watcher for path C:\Users\AlfredLaptop\.config\yasb
2025-04-18 01:19:05 DEBUG _windows.py:213: Starting (proactor: <_IocpProactor overlapped#=0 result#=0>)...
2025-04-18 01:19:05 DEBUG _windows.py:192: Thread started
2025-04-18 01:19:40 INFO controller.py:12: Reloading Application because of config update...
2025-04-18 01:19:40 DEBUG _windows.py:218: Stopping worker thread...
2025-04-18 01:19:40 DEBUG _windows.py:201: Exiting thread
2025-04-18 01:19:40 DEBUG _windows.py:75: Closing
2025-04-18 01:19:40 INFO log.py:21: Yasb v1.6.9
2025-04-18 01:19:41 DEBUG __init__.py:149: CoInitializeEx(None, 2)
2025-04-18 01:19:41 DEBUG win32.py:55: Looking up time zone info from registry
2025-04-18 01:19:42 INFO watcher.py:39: Created file watcher for path C:\Users\AlfredLaptop\.config\yasb
2025-04-18 01:19:42 DEBUG _windows.py:213: Starting (proactor: <_IocpProactor overlapped#=0 result#=0>)...
2025-04-18 01:19:42 DEBUG _windows.py:192: Thread started
2025-04-18 10:22:35 INFO log.py:21: Yasb v1.6.9
2025-04-18 10:22:37 DEBUG __init__.py:149: CoInitializeEx(None, 2)
2025-04-18 10:22:38 DEBUG win32.py:55: Looking up time zone info from registry
2025-04-18 10:22:42 INFO watcher.py:39: Created file watcher for path C:\Users\AlfredLaptop\.config\yasb
2025-04-18 10:22:42 DEBUG _windows.py:213: Starting (proactor: <_IocpProactor overlapped#=0 result#=0>)...
2025-04-18 10:22:42 DEBUG _windows.py:192: Thread started
2025-04-18 10:28:47 INFO controller.py:12: Reloading Application because of screen update...
2025-04-18 10:28:48 INFO log.py:21: Yasb v1.6.9
2025-04-18 10:28:48 DEBUG __init__.py:149: CoInitializeEx(None, 2)
2025-04-18 10:28:49 DEBUG win32.py:55: Looking up time zone info from registry
2025-04-18 10:28:50 INFO watcher.py:39: Created file watcher for path C:\Users\AlfredLaptop\.config\yasb
2025-04-18 10:28:50 DEBUG _windows.py:213: Starting (proactor: <_IocpProactor overlapped#=0 result#=0>)...
2025-04-18 10:28:50 DEBUG _windows.py:192: Thread started
2025-04-18 10:42:47 INFO controller.py:12: Reloading Application because of config update...
2025-04-18 10:42:47 DEBUG _windows.py:218: Stopping worker thread...
2025-04-18 10:42:47 DEBUG _windows.py:201: Exiting thread
2025-04-18 10:42:47 DEBUG _windows.py:75: Closing
2025-04-18 10:42:47 ERROR event_service.py:30: Failed to emit signal <bound PYQT_SIGNAL foreground_change of ActiveWindowWidget object at 0x000001925A80E490>. Removing link to WinEvent.EventSystemForeground.
2025-04-18 10:42:47 INFO log.py:21: Yasb v1.6.9
2025-04-18 10:42:47 DEBUG __init__.py:149: CoInitializeEx(None, 2)
2025-04-18 10:42:48 DEBUG win32.py:55: Looking up time zone info from registry
2025-04-18 10:42:49 INFO watcher.py:39: Created file watcher for path C:\Users\AlfredLaptop\.config\yasb
2025-04-18 10:42:49 DEBUG _windows.py:213: Starting (proactor: <_IocpProactor overlapped#=0 result#=0>)...
2025-04-18 10:42:49 DEBUG _windows.py:192: Thread started
2025-04-18 10:43:26 INFO controller.py:12: Reloading Application because of config update...
2025-04-18 10:43:26 DEBUG _windows.py:218: Stopping worker thread...
2025-04-18 10:43:26 DEBUG _windows.py:201: Exiting thread
2025-04-18 10:43:26 DEBUG _windows.py:75: Closing
2025-04-18 10:43:26 INFO log.py:21: Yasb v1.6.9
2025-04-18 10:43:27 DEBUG __init__.py:149: CoInitializeEx(None, 2)
2025-04-18 10:43:27 DEBUG win32.py:55: Looking up time zone info from registry
2025-04-18 10:43:28 INFO watcher.py:39: Created file watcher for path C:\Users\AlfredLaptop\.config\yasb
2025-04-18 10:43:28 DEBUG _windows.py:213: Starting (proactor: <_IocpProactor overlapped#=0 result#=0>)...
2025-04-18 10:43:28 DEBUG _windows.py:192: Thread started
2025-04-18 10:47:48 INFO controller.py:12: Reloading Application because of config update...
2025-04-18 10:47:48 DEBUG _windows.py:218: Stopping worker thread...
2025-04-18 10:47:48 DEBUG _windows.py:201: Exiting thread
2025-04-18 10:47:48 DEBUG _windows.py:75: Closing
2025-04-18 10:47:49 INFO log.py:21: Yasb v1.6.9
2025-04-18 10:47:49 DEBUG __init__.py:149: CoInitializeEx(None, 2)
2025-04-18 10:47:49 DEBUG win32.py:55: Looking up time zone info from registry
2025-04-18 10:47:50 INFO watcher.py:39: Created file watcher for path C:\Users\AlfredLaptop\.config\yasb
2025-04-18 10:47:50 DEBUG _windows.py:213: Starting (proactor: <_IocpProactor overlapped#=0 result#=0>)...
2025-04-18 10:47:50 DEBUG _windows.py:192: Thread started
2025-04-18 10:48:09 INFO controller.py:12: Reloading Application because of config update...
2025-04-18 10:48:09 DEBUG _windows.py:218: Stopping worker thread...
2025-04-18 10:48:09 DEBUG _windows.py:201: Exiting thread
2025-04-18 10:48:09 DEBUG _windows.py:75: Closing
2025-04-18 10:48:09 INFO log.py:21: Yasb v1.6.9
2025-04-18 10:48:09 DEBUG __init__.py:149: CoInitializeEx(None, 2)
2025-04-18 10:48:10 DEBUG win32.py:55: Looking up time zone info from registry
2025-04-18 10:48:11 INFO watcher.py:39: Created file watcher for path C:\Users\AlfredLaptop\.config\yasb
2025-04-18 10:48:11 DEBUG _windows.py:213: Starting (proactor: <_IocpProactor overlapped#=0 result#=0>)...
2025-04-18 10:48:11 DEBUG _windows.py:192: Thread started
2025-04-18 10:54:33 INFO controller.py:12: Reloading Application because of config update...
2025-04-18 10:54:33 DEBUG _windows.py:218: Stopping worker thread...
2025-04-18 10:54:33 DEBUG _windows.py:201: Exiting thread
2025-04-18 10:54:33 DEBUG _windows.py:75: Closing
2025-04-18 10:54:33 INFO log.py:21: Yasb v1.6.9
2025-04-18 10:54:34 DEBUG __init__.py:149: CoInitializeEx(None, 2)
2025-04-18 10:54:34 DEBUG win32.py:55: Looking up time zone info from registry
2025-04-18 10:54:35 WARNING widget_builder.py:35: Ignoring construction of invalid widget 'volume'
2025-04-18 10:54:35 ERROR widget_builder.py:88: Failed to validate widget(s) due to invalid options  - volume
      on_left:
      - unknown field
      on_middle:
      - unknown field
      on_right:
      - unknown field
      
2025-04-18 10:55:00 INFO watcher.py:39: Created file watcher for path C:\Users\AlfredLaptop\.config\yasb
2025-04-18 10:55:00 DEBUG _windows.py:213: Starting (proactor: <_IocpProactor overlapped#=0 result#=0>)...
2025-04-18 10:55:00 DEBUG _windows.py:192: Thread started
2025-04-18 10:55:06 INFO controller.py:12: Reloading Application because of config update...
2025-04-18 10:55:06 DEBUG _windows.py:218: Stopping worker thread...
2025-04-18 10:55:06 DEBUG _windows.py:201: Exiting thread
2025-04-18 10:55:06 DEBUG _windows.py:75: Closing
2025-04-18 10:55:06 INFO log.py:21: Yasb v1.6.9
2025-04-18 10:55:07 DEBUG __init__.py:149: CoInitializeEx(None, 2)
2025-04-18 10:55:07 DEBUG win32.py:55: Looking up time zone info from registry
2025-04-18 10:55:08 INFO watcher.py:39: Created file watcher for path C:\Users\AlfredLaptop\.config\yasb
2025-04-18 10:55:08 DEBUG _windows.py:213: Starting (proactor: <_IocpProactor overlapped#=0 result#=0>)...
2025-04-18 10:55:08 DEBUG _windows.py:192: Thread started
2025-04-18 10:56:35 INFO controller.py:12: Reloading Application because of config update...
2025-04-18 10:56:35 DEBUG _windows.py:218: Stopping worker thread...
2025-04-18 10:56:35 DEBUG _windows.py:201: Exiting thread
2025-04-18 10:56:35 DEBUG _windows.py:75: Closing
2025-04-18 10:56:35 INFO log.py:21: Yasb v1.6.9
2025-04-18 10:56:36 DEBUG __init__.py:149: CoInitializeEx(None, 2)
2025-04-18 10:56:36 DEBUG win32.py:55: Looking up time zone info from registry
2025-04-18 10:56:37 INFO watcher.py:39: Created file watcher for path C:\Users\AlfredLaptop\.config\yasb
2025-04-18 10:56:37 DEBUG _windows.py:213: Starting (proactor: <_IocpProactor overlapped#=0 result#=0>)...
2025-04-18 10:56:37 DEBUG _windows.py:192: Thread started
2025-04-18 10:56:49 INFO controller.py:12: Reloading Application because of config update...
2025-04-18 10:56:49 DEBUG _windows.py:218: Stopping worker thread...
2025-04-18 10:56:49 DEBUG _windows.py:201: Exiting thread
2025-04-18 10:56:49 DEBUG _windows.py:75: Closing
2025-04-18 10:56:49 INFO log.py:21: Yasb v1.6.9
2025-04-18 10:56:50 DEBUG __init__.py:149: CoInitializeEx(None, 2)
2025-04-18 10:56:50 DEBUG win32.py:55: Looking up time zone info from registry
2025-04-18 10:56:51 INFO watcher.py:39: Created file watcher for path C:\Users\AlfredLaptop\.config\yasb
2025-04-18 10:56:51 DEBUG _windows.py:213: Starting (proactor: <_IocpProactor overlapped#=0 result#=0>)...
2025-04-18 10:56:51 DEBUG _windows.py:192: Thread started
2025-04-18 11:09:26 INFO controller.py:12: Reloading Application because of config update...
2025-04-18 11:09:26 DEBUG _windows.py:218: Stopping worker thread...
2025-04-18 11:09:26 DEBUG _windows.py:201: Exiting thread
2025-04-18 11:09:26 DEBUG _windows.py:75: Closing
2025-04-18 11:09:27 INFO log.py:21: Yasb v1.6.9
2025-04-18 11:09:27 DEBUG __init__.py:149: CoInitializeEx(None, 2)
2025-04-18 11:09:27 DEBUG win32.py:55: Looking up time zone info from registry
2025-04-18 11:09:28 WARNING widget_builder.py:35: Ignoring construction of invalid widget 'microphone'
2025-04-18 11:09:28 ERROR widget_builder.py:88: Failed to validate widget(s) due to invalid options  - microphone
      status_icon:
      - unknown field
      
2025-04-18 11:09:38 INFO watcher.py:39: Created file watcher for path C:\Users\AlfredLaptop\.config\yasb
2025-04-18 11:09:38 DEBUG _windows.py:213: Starting (proactor: <_IocpProactor overlapped#=0 result#=0>)...
2025-04-18 11:09:38 DEBUG _windows.py:192: Thread started
2025-04-18 11:09:46 INFO controller.py:12: Reloading Application because of config update...
2025-04-18 11:09:46 DEBUG _windows.py:218: Stopping worker thread...
2025-04-18 11:09:46 DEBUG _windows.py:201: Exiting thread
2025-04-18 11:09:46 DEBUG _windows.py:75: Closing
2025-04-18 11:09:46 INFO log.py:21: Yasb v1.6.9
2025-04-18 11:09:47 DEBUG __init__.py:149: CoInitializeEx(None, 2)
2025-04-18 11:09:47 DEBUG win32.py:55: Looking up time zone info from registry
2025-04-18 11:09:48 INFO watcher.py:39: Created file watcher for path C:\Users\AlfredLaptop\.config\yasb
2025-04-18 11:09:48 DEBUG _windows.py:213: Starting (proactor: <_IocpProactor overlapped#=0 result#=0>)...
2025-04-18 11:09:48 DEBUG _windows.py:192: Thread started
